TOOL:	xmverilog	22.09-s007: Started on Jul 04, 2024 at 05:11:26 UTC
xmverilog: 22.09-s007: (c) Copyright 1995-2023 Cadence Design Systems, Inc.
xmverilog: *W,NCEXDEP: Executable (ncverilog) is deprecated. Use (xmverilog) instead.
file: sum32.v
	module worklib.top:v
		errors: 0, warnings: 0
	module worklib.exmemory:v
		errors: 0, warnings: 0
file: mips32.final.vnet
	module worklib.controller:vnet
		errors: 0, warnings: 0
	module worklib.alucontrol:vnet
		errors: 0, warnings: 0
	module worklib.mux2_WIDTH3:vnet
		errors: 0, warnings: 0
	module worklib.flopen_WIDTH32:vnet
		errors: 0, warnings: 0
	module worklib.flopenr_WIDTH32:vnet
		errors: 0, warnings: 0
	module worklib.flop_WIDTH32_3:vnet
		errors: 0, warnings: 0
	module worklib.flop_WIDTH32_2:vnet
		errors: 0, warnings: 0
	module worklib.flop_WIDTH32_1:vnet
		errors: 0, warnings: 0
	module worklib.flop_WIDTH32_0:vnet
		errors: 0, warnings: 0
	module worklib.mux2_WIDTH32_2:vnet
		errors: 0, warnings: 0
	module worklib.mux2_WIDTH32_1:vnet
		errors: 0, warnings: 0
	module worklib.mux4_WIDTH32_1:vnet
		errors: 0, warnings: 0
	module worklib.mux4_WIDTH32_0:vnet
		errors: 0, warnings: 0
	module worklib.mux2_WIDTH32_0:vnet
		errors: 0, warnings: 0
	module worklib.regfile_WIDTH32_REGBITS3:vnet
		errors: 0, warnings: 0
	module worklib.alu_WIDTH32_DW01_add_0:vnet
		errors: 0, warnings: 0
	module worklib.alu_WIDTH32:vnet
		errors: 0, warnings: 0
	module worklib.zerodetect_WIDTH32:vnet
		errors: 0, warnings: 0
	module worklib.datapath_WIDTH32_REGBITS3:vnet
		errors: 0, warnings: 0
	module worklib.mips32:vnet
		errors: 0, warnings: 0
file: /home/cad/lib/NANGATE45/cells.v
	module NangateOpenCellLibrary.AND2_X1:v
		errors: 0, warnings: 0
	module NangateOpenCellLibrary.AND2_X2:v
		errors: 0, warnings: 0
	module NangateOpenCellLibrary.AND3_X1:v
		errors: 0, warnings: 0
	module NangateOpenCellLibrary.AOI211_X1:v
		errors: 0, warnings: 0
	module NangateOpenCellLibrary.AOI21_X1:v
		errors: 0, warnings: 0
	module NangateOpenCellLibrary.AOI222_X1:v
		errors: 0, warnings: 0
	module NangateOpenCellLibrary.AOI22_X1:v
		errors: 0, warnings: 0
	module NangateOpenCellLibrary.BUF_X1:v
		errors: 0, warnings: 0
	module NangateOpenCellLibrary.BUF_X4:v
		errors: 0, warnings: 0
	module NangateOpenCellLibrary.CLKBUF_X1:v
		errors: 0, warnings: 0
	module NangateOpenCellLibrary.CLKBUF_X2:v
		errors: 0, warnings: 0
	module NangateOpenCellLibrary.CLKBUF_X3:v
		errors: 0, warnings: 0
	module NangateOpenCellLibrary.DFF_X1:v
		errors: 0, warnings: 0
	module NangateOpenCellLibrary.FA_X1:v
		errors: 0, warnings: 0
	module NangateOpenCellLibrary.INV_X1:v
		errors: 0, warnings: 0
	module NangateOpenCellLibrary.INV_X2:v
		errors: 0, warnings: 0
	module NangateOpenCellLibrary.INV_X4:v
		errors: 0, warnings: 0
	module NangateOpenCellLibrary.NAND2_X1:v
		errors: 0, warnings: 0
	module NangateOpenCellLibrary.NAND2_X2:v
		errors: 0, warnings: 0
	module NangateOpenCellLibrary.NAND3_X1:v
		errors: 0, warnings: 0
	module NangateOpenCellLibrary.NAND4_X1:v
		errors: 0, warnings: 0
	module NangateOpenCellLibrary.NOR2_X1:v
		errors: 0, warnings: 0
	module NangateOpenCellLibrary.NOR3_X1:v
		errors: 0, warnings: 0
	module NangateOpenCellLibrary.NOR4_X1:v
		errors: 0, warnings: 0
	module NangateOpenCellLibrary.OAI211_X1:v
		errors: 0, warnings: 0
	module NangateOpenCellLibrary.OAI21_X1:v
		errors: 0, warnings: 0
	module NangateOpenCellLibrary.OAI221_X1:v
		errors: 0, warnings: 0
	module NangateOpenCellLibrary.OR2_X1:v
		errors: 0, warnings: 0
	module NangateOpenCellLibrary.OR2_X2:v
		errors: 0, warnings: 0
	module NangateOpenCellLibrary.OR3_X1:v
		errors: 0, warnings: 0
	module NangateOpenCellLibrary.OR3_X2:v
		errors: 0, warnings: 0
	module NangateOpenCellLibrary.XOR2_X1:v
		errors: 0, warnings: 0
file: /home/cad/lib/NANGATE45/cells.v
	primitive NangateOpenCellLibrary.seq_DFF_X1:v
		errors: 0, warnings: 0
		Caching library 'NangateOpenCellLibrary' ....... Done
		Caching library 'worklib' ....... Done
	Elaborating the design hierarchy:
   DFF_X1 \q_reg[31]  (.D(n10),
                    |
xmelab: *W,CUVWSP (./mips32.final.vnet,1018|20): 1 output port was not connected:
xmelab: (/home/cad/lib/NANGATE45/cells.v,2089): QN

   DFF_X1 \q_reg[30]  (.D(n11),
                    |
xmelab: *W,CUVWSP (./mips32.final.vnet,1021|20): 1 output port was not connected:
xmelab: (/home/cad/lib/NANGATE45/cells.v,2089): QN

   DFF_X1 \q_reg[29]  (.D(n12),
                    |
xmelab: *W,CUVWSP (./mips32.final.vnet,1024|20): 1 output port was not connected:
xmelab: (/home/cad/lib/NANGATE45/cells.v,2089): QN

   DFF_X1 \q_reg[28]  (.D(n13),
                    |
xmelab: *W,CUVWSP (./mips32.final.vnet,1027|20): 1 output port was not connected:
xmelab: (/home/cad/lib/NANGATE45/cells.v,2089): QN

   DFF_X1 \q_reg[27]  (.D(n14),
                    |
xmelab: *W,CUVWSP (./mips32.final.vnet,1030|20): 1 output port was not connected:
xmelab: (/home/cad/lib/NANGATE45/cells.v,2089): QN

   DFF_X1 \q_reg[26]  (.D(n15),
                    |
xmelab: *W,CUVWSP (./mips32.final.vnet,1033|20): 1 output port was not connected:
xmelab: (/home/cad/lib/NANGATE45/cells.v,2089): QN

   DFF_X1 \q_reg[25]  (.D(n16),
                    |
xmelab: *W,CUVWSP (./mips32.final.vnet,1036|20): 1 output port was not connected:
xmelab: (/home/cad/lib/NANGATE45/cells.v,2089): QN

   DFF_X1 \q_reg[24]  (.D(n17),
                    |
xmelab: *W,CUVWSP (./mips32.final.vnet,1039|20): 1 output port was not connected:
xmelab: (/home/cad/lib/NANGATE45/cells.v,2089): QN

   DFF_X1 \q_reg[23]  (.D(n18),
                    |
xmelab: *W,CUVWSP (./mips32.final.vnet,1042|20): 1 output port was not connected:
xmelab: (/home/cad/lib/NANGATE45/cells.v,2089): QN

   DFF_X1 \q_reg[22]  (.D(n19),
                    |
xmelab: *W,CUVWSP (./mips32.final.vnet,1045|20): 1 output port was not connected:
xmelab: (/home/cad/lib/NANGATE45/cells.v,2089): QN

   DFF_X1 \q_reg[21]  (.D(n20),
                    |
xmelab: *W,CUVWSP (./mips32.final.vnet,1048|20): 1 output port was not connected:
xmelab: (/home/cad/lib/NANGATE45/cells.v,2089): QN

   DFF_X1 \q_reg[20]  (.D(n21),
                    |
xmelab: *W,CUVWSP (./mips32.final.vnet,1051|20): 1 output port was not connected:
xmelab: (/home/cad/lib/NANGATE45/cells.v,2089): QN

   DFF_X1 \q_reg[19]  (.D(n22),
                    |
xmelab: *W,CUVWSP (./mips32.final.vnet,1054|20): 1 output port was not connected:
xmelab: (/home/cad/lib/NANGATE45/cells.v,2089): QN

   DFF_X1 \q_reg[18]  (.D(n23),
                    |
xmelab: *W,CUVWSP (./mips32.final.vnet,1057|20): 1 output port was not connected:
xmelab: (/home/cad/lib/NANGATE45/cells.v,2089): QN

   DFF_X1 \q_reg[17]  (.D(n24),
                    |
xmelab: *W,CUVWSP (./mips32.final.vnet,1060|20): 1 output port was not connected:
xmelab: (/home/cad/lib/NANGATE45/cells.v,2089): QN

   DFF_X1 \q_reg[16]  (.D(n25),
                    |
xmelab: *W,CUVWSP (./mips32.final.vnet,1063|20): 1 output port was not connected:
xmelab: (/home/cad/lib/NANGATE45/cells.v,2089): QN

   DFF_X1 \q_reg[15]  (.D(n26),
                    |
xmelab: *W,CUVWSP (./mips32.final.vnet,1066|20): 1 output port was not connected:
xmelab: (/home/cad/lib/NANGATE45/cells.v,2089): QN

   DFF_X1 \q_reg[14]  (.D(n27),
                    |
xmelab: *W,CUVWSP (./mips32.final.vnet,1069|20): 1 output port was not connected:
xmelab: (/home/cad/lib/NANGATE45/cells.v,2089): QN

   DFF_X1 \q_reg[13]  (.D(n28),
                    |
xmelab: *W,CUVWSP (./mips32.final.vnet,1072|20): 1 output port was not connected:
xmelab: (/home/cad/lib/NANGATE45/cells.v,2089): QN

   DFF_X1 \q_reg[12]  (.D(n29),
                    |
xmelab: *W,CUVWSP (./mips32.final.vnet,1075|20): 1 output port was not connected:
xmelab: (/home/cad/lib/NANGATE45/cells.v,2089): QN

   DFF_X1 \q_reg[11]  (.D(n30),
                    |
xmelab: *W,CUVWSP (./mips32.final.vnet,1078|20): 1 output port was not connected:
xmelab: (/home/cad/lib/NANGATE45/cells.v,2089): QN

   DFF_X1 \q_reg[10]  (.D(n31),
                    |
xmelab: *W,CUVWSP (./mips32.final.vnet,1081|20): 1 output port was not connected:
xmelab: (/home/cad/lib/NANGATE45/cells.v,2089): QN

   DFF_X1 \q_reg[9]  (.D(n32),
                   |
xmelab: *W,CUVWSP (./mips32.final.vnet,1084|19): 1 output port was not connected:
xmelab: (/home/cad/lib/NANGATE45/cells.v,2089): QN

   DFF_X1 \q_reg[8]  (.D(n33),
                   |
xmelab: *W,CUVWSP (./mips32.final.vnet,1087|19): 1 output port was not connected:
xmelab: (/home/cad/lib/NANGATE45/cells.v,2089): QN

   DFF_X1 \q_reg[7]  (.D(n68),
                   |
xmelab: *W,CUVWSP (./mips32.final.vnet,1090|19): 1 output port was not connected:
xmelab: (/home/cad/lib/NANGATE45/cells.v,2089): QN

   DFF_X1 \q_reg[6]  (.D(n69),
                   |
xmelab: *W,CUVWSP (./mips32.final.vnet,1093|19): 1 output port was not connected:
xmelab: (/home/cad/lib/NANGATE45/cells.v,2089): QN

   DFF_X1 \q_reg[5]  (.D(n70),
                   |
xmelab: *W,CUVWSP (./mips32.final.vnet,1096|19): 1 output port was not connected:
xmelab: (/home/cad/lib/NANGATE45/cells.v,2089): QN

   DFF_X1 \q_reg[4]  (.D(n71),
                   |
xmelab: *W,CUVWSP (./mips32.final.vnet,1099|19): 1 output port was not connected:
xmelab: (/home/cad/lib/NANGATE45/cells.v,2089): QN

   DFF_X1 \q_reg[3]  (.D(n72),
                   |
xmelab: *W,CUVWSP (./mips32.final.vnet,1102|19): 1 output port was not connected:
xmelab: (/home/cad/lib/NANGATE45/cells.v,2089): QN

   DFF_X1 \q_reg[2]  (.D(n73),
                   |
xmelab: *W,CUVWSP (./mips32.final.vnet,1105|19): 1 output port was not connected:
xmelab: (/home/cad/lib/NANGATE45/cells.v,2089): QN

   DFF_X1 \q_reg[1]  (.D(n74),
                   |
xmelab: *W,CUVWSP (./mips32.final.vnet,1108|19): 1 output port was not connected:
xmelab: (/home/cad/lib/NANGATE45/cells.v,2089): QN

   DFF_X1 \q_reg[0]  (.D(n9),
                   |
xmelab: *W,CUVWSP (./mips32.final.vnet,1111|19): 1 output port was not connected:
xmelab: (/home/cad/lib/NANGATE45/cells.v,2089): QN

   DFF_X1 \q_reg[31]  (.D(d[31]),
                    |
xmelab: *W,CUVWSP (./mips32.final.vnet,1376|20): 1 output port was not connected:
xmelab: (/home/cad/lib/NANGATE45/cells.v,2089): QN

   DFF_X1 \q_reg[30]  (.D(d[30]),
                    |
xmelab: *W,CUVWSP (./mips32.final.vnet,1379|20): 1 output port was not connected:
xmelab: (/home/cad/lib/NANGATE45/cells.v,2089): QN

   DFF_X1 \q_reg[29]  (.D(d[29]),
                    |
xmelab: *W,CUVWSP (./mips32.final.vnet,1382|20): 1 output port was not connected:
xmelab: (/home/cad/lib/NANGATE45/cells.v,2089): QN

   DFF_X1 \q_reg[28]  (.D(d[28]),
                    |
xmelab: *W,CUVWSP (./mips32.final.vnet,1385|20): 1 output port was not connected:
xmelab: (/home/cad/lib/NANGATE45/cells.v,2089): QN

   DFF_X1 \q_reg[27]  (.D(d[27]),
                    |
xmelab: *W,CUVWSP (./mips32.final.vnet,1388|20): 1 output port was not connected:
xmelab: (/home/cad/lib/NANGATE45/cells.v,2089): QN

   DFF_X1 \q_reg[26]  (.D(d[26]),
                    |
xmelab: *W,CUVWSP (./mips32.final.vnet,1391|20): 1 output port was not connected:
xmelab: (/home/cad/lib/NANGATE45/cells.v,2089): QN

   DFF_X1 \q_reg[25]  (.D(d[25]),
                    |
xmelab: *W,CUVWSP (./mips32.final.vnet,1394|20): 1 output port was not connected:
xmelab: (/home/cad/lib/NANGATE45/cells.v,2089): QN

   DFF_X1 \q_reg[24]  (.D(d[24]),
                    |
xmelab: *W,CUVWSP (./mips32.final.vnet,1397|20): 1 output port was not connected:
xmelab: (/home/cad/lib/NANGATE45/cells.v,2089): QN

   DFF_X1 \q_reg[23]  (.D(d[23]),
                    |
xmelab: *W,CUVWSP (./mips32.final.vnet,1400|20): 1 output port was not connected:
xmelab: (/home/cad/lib/NANGATE45/cells.v,2089): QN

   DFF_X1 \q_reg[22]  (.D(d[22]),
                    |
xmelab: *W,CUVWSP (./mips32.final.vnet,1403|20): 1 output port was not connected:
xmelab: (/home/cad/lib/NANGATE45/cells.v,2089): QN

   DFF_X1 \q_reg[21]  (.D(d[21]),
                    |
xmelab: *W,CUVWSP (./mips32.final.vnet,1406|20): 1 output port was not connected:
xmelab: (/home/cad/lib/NANGATE45/cells.v,2089): QN

   DFF_X1 \q_reg[20]  (.D(d[20]),
                    |
xmelab: *W,CUVWSP (./mips32.final.vnet,1409|20): 1 output port was not connected:
xmelab: (/home/cad/lib/NANGATE45/cells.v,2089): QN

   DFF_X1 \q_reg[19]  (.D(d[19]),
                    |
xmelab: *W,CUVWSP (./mips32.final.vnet,1412|20): 1 output port was not connected:
xmelab: (/home/cad/lib/NANGATE45/cells.v,2089): QN

   DFF_X1 \q_reg[18]  (.D(d[18]),
                    |
xmelab: *W,CUVWSP (./mips32.final.vnet,1415|20): 1 output port was not connected:
xmelab: (/home/cad/lib/NANGATE45/cells.v,2089): QN

   DFF_X1 \q_reg[17]  (.D(d[17]),
                    |
xmelab: *W,CUVWSP (./mips32.final.vnet,1418|20): 1 output port was not connected:
xmelab: (/home/cad/lib/NANGATE45/cells.v,2089): QN

   DFF_X1 \q_reg[16]  (.D(d[16]),
                    |
xmelab: *W,CUVWSP (./mips32.final.vnet,1421|20): 1 output port was not connected:
xmelab: (/home/cad/lib/NANGATE45/cells.v,2089): QN

   DFF_X1 \q_reg[15]  (.D(d[15]),
                    |
xmelab: *W,CUVWSP (./mips32.final.vnet,1424|20): 1 output port was not connected:
xmelab: (/home/cad/lib/NANGATE45/cells.v,2089): QN

   DFF_X1 \q_reg[14]  (.D(d[14]),
                    |
xmelab: *W,CUVWSP (./mips32.final.vnet,1427|20): 1 output port was not connected:
xmelab: (/home/cad/lib/NANGATE45/cells.v,2089): QN

   DFF_X1 \q_reg[13]  (.D(d[13]),
                    |
xmelab: *W,CUVWSP (./mips32.final.vnet,1430|20): 1 output port was not connected:
xmelab: (/home/cad/lib/NANGATE45/cells.v,2089): QN

   DFF_X1 \q_reg[12]  (.D(d[12]),
                    |
xmelab: *W,CUVWSP (./mips32.final.vnet,1433|20): 1 output port was not connected:
xmelab: (/home/cad/lib/NANGATE45/cells.v,2089): QN

   DFF_X1 \q_reg[11]  (.D(d[11]),
                    |
xmelab: *W,CUVWSP (./mips32.final.vnet,1436|20): 1 output port was not connected:
xmelab: (/home/cad/lib/NANGATE45/cells.v,2089): QN

   DFF_X1 \q_reg[10]  (.D(d[10]),
                    |
xmelab: *W,CUVWSP (./mips32.final.vnet,1439|20): 1 output port was not connected:
xmelab: (/home/cad/lib/NANGATE45/cells.v,2089): QN

   DFF_X1 \q_reg[9]  (.D(d[9]),
                   |
xmelab: *W,CUVWSP (./mips32.final.vnet,1442|19): 1 output port was not connected:
xmelab: (/home/cad/lib/NANGATE45/cells.v,2089): QN

   DFF_X1 \q_reg[8]  (.D(d[8]),
                   |
xmelab: *W,CUVWSP (./mips32.final.vnet,1445|19): 1 output port was not connected:
xmelab: (/home/cad/lib/NANGATE45/cells.v,2089): QN

   DFF_X1 \q_reg[7]  (.D(d[7]),
                   |
xmelab: *W,CUVWSP (./mips32.final.vnet,1448|19): 1 output port was not connected:
xmelab: (/home/cad/lib/NANGATE45/cells.v,2089): QN

   DFF_X1 \q_reg[6]  (.D(d[6]),
                   |
xmelab: *W,CUVWSP (./mips32.final.vnet,1451|19): 1 output port was not connected:
xmelab: (/home/cad/lib/NANGATE45/cells.v,2089): QN

   DFF_X1 \q_reg[5]  (.D(d[5]),
                   |
xmelab: *W,CUVWSP (./mips32.final.vnet,1454|19): 1 output port was not connected:
xmelab: (/home/cad/lib/NANGATE45/cells.v,2089): QN

   DFF_X1 \q_reg[4]  (.D(d[4]),
                   |
xmelab: *W,CUVWSP (./mips32.final.vnet,1457|19): 1 output port was not connected:
xmelab: (/home/cad/lib/NANGATE45/cells.v,2089): QN

   DFF_X1 \q_reg[3]  (.D(d[3]),
                   |
xmelab: *W,CUVWSP (./mips32.final.vnet,1460|19): 1 output port was not connected:
xmelab: (/home/cad/lib/NANGATE45/cells.v,2089): QN

   DFF_X1 \q_reg[2]  (.D(d[2]),
                   |
xmelab: *W,CUVWSP (./mips32.final.vnet,1463|19): 1 output port was not connected:
xmelab: (/home/cad/lib/NANGATE45/cells.v,2089): QN

   DFF_X1 \q_reg[1]  (.D(d[1]),
                   |
xmelab: *W,CUVWSP (./mips32.final.vnet,1466|19): 1 output port was not connected:
xmelab: (/home/cad/lib/NANGATE45/cells.v,2089): QN

   DFF_X1 \q_reg[0]  (.D(d[0]),
                   |
xmelab: *W,CUVWSP (./mips32.final.vnet,1469|19): 1 output port was not connected:
xmelab: (/home/cad/lib/NANGATE45/cells.v,2089): QN

   DFF_X1 \q_reg[31]  (.D(d[31]),
                    |
xmelab: *W,CUVWSP (./mips32.final.vnet,1498|20): 1 output port was not connected:
xmelab: (/home/cad/lib/NANGATE45/cells.v,2089): QN

   DFF_X1 \q_reg[30]  (.D(d[30]),
                    |
xmelab: *W,CUVWSP (./mips32.final.vnet,1501|20): 1 output port was not connected:
xmelab: (/home/cad/lib/NANGATE45/cells.v,2089): QN

   DFF_X1 \q_reg[29]  (.D(d[29]),
                    |
xmelab: *W,CUVWSP (./mips32.final.vnet,1504|20): 1 output port was not connected:
xmelab: (/home/cad/lib/NANGATE45/cells.v,2089): QN

   DFF_X1 \q_reg[28]  (.D(d[28]),
                    |
xmelab: *W,CUVWSP (./mips32.final.vnet,1507|20): 1 output port was not connected:
xmelab: (/home/cad/lib/NANGATE45/cells.v,2089): QN

   DFF_X1 \q_reg[27]  (.D(d[27]),
                    |
xmelab: *W,CUVWSP (./mips32.final.vnet,1510|20): 1 output port was not connected:
xmelab: (/home/cad/lib/NANGATE45/cells.v,2089): QN

   DFF_X1 \q_reg[26]  (.D(d[26]),
                    |
xmelab: *W,CUVWSP (./mips32.final.vnet,1513|20): 1 output port was not connected:
xmelab: (/home/cad/lib/NANGATE45/cells.v,2089): QN

   DFF_X1 \q_reg[25]  (.D(d[25]),
                    |
xmelab: *W,CUVWSP (./mips32.final.vnet,1516|20): 1 output port was not connected:
xmelab: (/home/cad/lib/NANGATE45/cells.v,2089): QN

   DFF_X1 \q_reg[24]  (.D(d[24]),
                    |
xmelab: *W,CUVWSP (./mips32.final.vnet,1519|20): 1 output port was not connected:
xmelab: (/home/cad/lib/NANGATE45/cells.v,2089): QN

   DFF_X1 \q_reg[23]  (.D(d[23]),
                    |
xmelab: *W,CUVWSP (./mips32.final.vnet,1522|20): 1 output port was not connected:
xmelab: (/home/cad/lib/NANGATE45/cells.v,2089): QN

   DFF_X1 \q_reg[22]  (.D(d[22]),
                    |
xmelab: *W,CUVWSP (./mips32.final.vnet,1525|20): 1 output port was not connected:
xmelab: (/home/cad/lib/NANGATE45/cells.v,2089): QN

   DFF_X1 \q_reg[21]  (.D(d[21]),
                    |
xmelab: *W,CUVWSP (./mips32.final.vnet,1528|20): 1 output port was not connected:
xmelab: (/home/cad/lib/NANGATE45/cells.v,2089): QN

   DFF_X1 \q_reg[20]  (.D(d[20]),
                    |
xmelab: *W,CUVWSP (./mips32.final.vnet,1531|20): 1 output port was not connected:
xmelab: (/home/cad/lib/NANGATE45/cells.v,2089): QN

   DFF_X1 \q_reg[19]  (.D(d[19]),
                    |
xmelab: *W,CUVWSP (./mips32.final.vnet,1534|20): 1 output port was not connected:
xmelab: (/home/cad/lib/NANGATE45/cells.v,2089): QN

   DFF_X1 \q_reg[18]  (.D(d[18]),
                    |
xmelab: *W,CUVWSP (./mips32.final.vnet,1537|20): 1 output port was not connected:
xmelab: (/home/cad/lib/NANGATE45/cells.v,2089): QN

   DFF_X1 \q_reg[17]  (.D(d[17]),
                    |
xmelab: *W,CUVWSP (./mips32.final.vnet,1540|20): 1 output port was not connected:
xmelab: (/home/cad/lib/NANGATE45/cells.v,2089): QN

   DFF_X1 \q_reg[16]  (.D(d[16]),
                    |
xmelab: *W,CUVWSP (./mips32.final.vnet,1543|20): 1 output port was not connected:
xmelab: (/home/cad/lib/NANGATE45/cells.v,2089): QN

   DFF_X1 \q_reg[15]  (.D(d[15]),
                    |
xmelab: *W,CUVWSP (./mips32.final.vnet,1546|20): 1 output port was not connected:
xmelab: (/home/cad/lib/NANGATE45/cells.v,2089): QN

   DFF_X1 \q_reg[14]  (.D(d[14]),
                    |
xmelab: *W,CUVWSP (./mips32.final.vnet,1549|20): 1 output port was not connected:
xmelab: (/home/cad/lib/NANGATE45/cells.v,2089): QN

   DFF_X1 \q_reg[13]  (.D(d[13]),
                    |
xmelab: *W,CUVWSP (./mips32.final.vnet,1552|20): 1 output port was not connected:
xmelab: (/home/cad/lib/NANGATE45/cells.v,2089): QN

   DFF_X1 \q_reg[12]  (.D(d[12]),
                    |
xmelab: *W,CUVWSP (./mips32.final.vnet,1555|20): 1 output port was not connected:
xmelab: (/home/cad/lib/NANGATE45/cells.v,2089): QN

   DFF_X1 \q_reg[11]  (.D(d[11]),
                    |
xmelab: *W,CUVWSP (./mips32.final.vnet,1558|20): 1 output port was not connected:
xmelab: (/home/cad/lib/NANGATE45/cells.v,2089): QN

   DFF_X1 \q_reg[10]  (.D(d[10]),
                    |
xmelab: *W,CUVWSP (./mips32.final.vnet,1561|20): 1 output port was not connected:
xmelab: (/home/cad/lib/NANGATE45/cells.v,2089): QN

   DFF_X1 \q_reg[9]  (.D(d[9]),
                   |
xmelab: *W,CUVWSP (./mips32.final.vnet,1564|19): 1 output port was not connected:
xmelab: (/home/cad/lib/NANGATE45/cells.v,2089): QN

   DFF_X1 \q_reg[8]  (.D(d[8]),
                   |
xmelab: *W,CUVWSP (./mips32.final.vnet,1567|19): 1 output port was not connected:
xmelab: (/home/cad/lib/NANGATE45/cells.v,2089): QN

   DFF_X1 \q_reg[7]  (.D(d[7]),
                   |
xmelab: *W,CUVWSP (./mips32.final.vnet,1570|19): 1 output port was not connected:
xmelab: (/home/cad/lib/NANGATE45/cells.v,2089): QN

   DFF_X1 \q_reg[6]  (.D(d[6]),
                   |
xmelab: *W,CUVWSP (./mips32.final.vnet,1573|19): 1 output port was not connected:
xmelab: (/home/cad/lib/NANGATE45/cells.v,2089): QN

   DFF_X1 \q_reg[5]  (.D(d[5]),
                   |
xmelab: *W,CUVWSP (./mips32.final.vnet,1576|19): 1 output port was not connected:
xmelab: (/home/cad/lib/NANGATE45/cells.v,2089): QN

   DFF_X1 \q_reg[4]  (.D(d[4]),
                   |
xmelab: *W,CUVWSP (./mips32.final.vnet,1579|19): 1 output port was not connected:
xmelab: (/home/cad/lib/NANGATE45/cells.v,2089): QN

   DFF_X1 \q_reg[3]  (.D(d[3]),
                   |
xmelab: *W,CUVWSP (./mips32.final.vnet,1582|19): 1 output port was not connected:
xmelab: (/home/cad/lib/NANGATE45/cells.v,2089): QN

   DFF_X1 \q_reg[2]  (.D(d[2]),
                   |
xmelab: *W,CUVWSP (./mips32.final.vnet,1585|19): 1 output port was not connected:
xmelab: (/home/cad/lib/NANGATE45/cells.v,2089): QN

   DFF_X1 \q_reg[1]  (.D(d[1]),
                   |
xmelab: *W,CUVWSP (./mips32.final.vnet,1588|19): 1 output port was not connected:
xmelab: (/home/cad/lib/NANGATE45/cells.v,2089): QN

   DFF_X1 \q_reg[0]  (.D(d[0]),
                   |
xmelab: *W,CUVWSP (./mips32.final.vnet,1591|19): 1 output port was not connected:
xmelab: (/home/cad/lib/NANGATE45/cells.v,2089): QN

   DFF_X1 \q_reg[31]  (.D(d[31]),
                    |
xmelab: *W,CUVWSP (./mips32.final.vnet,1620|20): 1 output port was not connected:
xmelab: (/home/cad/lib/NANGATE45/cells.v,2089): QN

   DFF_X1 \q_reg[30]  (.D(d[30]),
                    |
xmelab: *W,CUVWSP (./mips32.final.vnet,1623|20): 1 output port was not connected:
xmelab: (/home/cad/lib/NANGATE45/cells.v,2089): QN

   DFF_X1 \q_reg[29]  (.D(d[29]),
                    |
xmelab: *W,CUVWSP (./mips32.final.vnet,1626|20): 1 output port was not connected:
xmelab: (/home/cad/lib/NANGATE45/cells.v,2089): QN

   DFF_X1 \q_reg[28]  (.D(d[28]),
                    |
xmelab: *W,CUVWSP (./mips32.final.vnet,1629|20): 1 output port was not connected:
xmelab: (/home/cad/lib/NANGATE45/cells.v,2089): QN

   DFF_X1 \q_reg[27]  (.D(d[27]),
                    |
xmelab: *W,CUVWSP (./mips32.final.vnet,1632|20): 1 output port was not connected:
xmelab: (/home/cad/lib/NANGATE45/cells.v,2089): QN

   DFF_X1 \q_reg[26]  (.D(d[26]),
                    |
xmelab: *W,CUVWSP (./mips32.final.vnet,1635|20): 1 output port was not connected:
xmelab: (/home/cad/lib/NANGATE45/cells.v,2089): QN

   DFF_X1 \q_reg[25]  (.D(d[25]),
                    |
xmelab: *W,CUVWSP (./mips32.final.vnet,1638|20): 1 output port was not connected:
xmelab: (/home/cad/lib/NANGATE45/cells.v,2089): QN

   DFF_X1 \q_reg[24]  (.D(d[24]),
                    |
xmelab: *W,CUVWSP (./mips32.final.vnet,1641|20): 1 output port was not connected:
xmelab: (/home/cad/lib/NANGATE45/cells.v,2089): QN

   DFF_X1 \q_reg[23]  (.D(d[23]),
                    |
xmelab: *W,CUVWSP (./mips32.final.vnet,1644|20): 1 output port was not connected:
xmelab: (/home/cad/lib/NANGATE45/cells.v,2089): QN

   DFF_X1 \q_reg[22]  (.D(d[22]),
                    |
xmelab: *W,CUVWSP (./mips32.final.vnet,1647|20): 1 output port was not connected:
xmelab: (/home/cad/lib/NANGATE45/cells.v,2089): QN

   DFF_X1 \q_reg[21]  (.D(d[21]),
                    |
xmelab: *W,CUVWSP (./mips32.final.vnet,1650|20): 1 output port was not connected:
xmelab: (/home/cad/lib/NANGATE45/cells.v,2089): QN

   DFF_X1 \q_reg[20]  (.D(d[20]),
                    |
xmelab: *W,CUVWSP (./mips32.final.vnet,1653|20): 1 output port was not connected:
xmelab: (/home/cad/lib/NANGATE45/cells.v,2089): QN

   DFF_X1 \q_reg[19]  (.D(d[19]),
                    |
xmelab: *W,CUVWSP (./mips32.final.vnet,1656|20): 1 output port was not connected:
xmelab: (/home/cad/lib/NANGATE45/cells.v,2089): QN

   DFF_X1 \q_reg[18]  (.D(d[18]),
                    |
xmelab: *W,CUVWSP (./mips32.final.vnet,1659|20): 1 output port was not connected:
xmelab: (/home/cad/lib/NANGATE45/cells.v,2089): QN

   DFF_X1 \q_reg[17]  (.D(d[17]),
                    |
xmelab: *W,CUVWSP (./mips32.final.vnet,1662|20): 1 output port was not connected:
xmelab: (/home/cad/lib/NANGATE45/cells.v,2089): QN

   DFF_X1 \q_reg[16]  (.D(d[16]),
                    |
xmelab: *W,CUVWSP (./mips32.final.vnet,1665|20): 1 output port was not connected:
xmelab: (/home/cad/lib/NANGATE45/cells.v,2089): QN

   DFF_X1 \q_reg[15]  (.D(d[15]),
                    |
xmelab: *W,CUVWSP (./mips32.final.vnet,1668|20): 1 output port was not connected:
xmelab: (/home/cad/lib/NANGATE45/cells.v,2089): QN

   DFF_X1 \q_reg[14]  (.D(d[14]),
                    |
xmelab: *W,CUVWSP (./mips32.final.vnet,1671|20): 1 output port was not connected:
xmelab: (/home/cad/lib/NANGATE45/cells.v,2089): QN

   DFF_X1 \q_reg[13]  (.D(d[13]),
                    |
xmelab: *W,CUVWSP (./mips32.final.vnet,1674|20): 1 output port was not connected:
xmelab: (/home/cad/lib/NANGATE45/cells.v,2089): QN

   DFF_X1 \q_reg[12]  (.D(d[12]),
                    |
xmelab: *W,CUVWSP (./mips32.final.vnet,1677|20): 1 output port was not connected:
xmelab: (/home/cad/lib/NANGATE45/cells.v,2089): QN

   DFF_X1 \q_reg[11]  (.D(d[11]),
                    |
xmelab: *W,CUVWSP (./mips32.final.vnet,1680|20): 1 output port was not connected:
xmelab: (/home/cad/lib/NANGATE45/cells.v,2089): QN

   DFF_X1 \q_reg[10]  (.D(d[10]),
                    |
xmelab: *W,CUVWSP (./mips32.final.vnet,1683|20): 1 output port was not connected:
xmelab: (/home/cad/lib/NANGATE45/cells.v,2089): QN

   DFF_X1 \q_reg[9]  (.D(d[9]),
                   |
xmelab: *W,CUVWSP (./mips32.final.vnet,1686|19): 1 output port was not connected:
xmelab: (/home/cad/lib/NANGATE45/cells.v,2089): QN

   DFF_X1 \q_reg[8]  (.D(d[8]),
                   |
xmelab: *W,CUVWSP (./mips32.final.vnet,1689|19): 1 output port was not connected:
xmelab: (/home/cad/lib/NANGATE45/cells.v,2089): QN

   DFF_X1 \q_reg[7]  (.D(d[7]),
                   |
xmelab: *W,CUVWSP (./mips32.final.vnet,1692|19): 1 output port was not connected:
xmelab: (/home/cad/lib/NANGATE45/cells.v,2089): QN

   DFF_X1 \q_reg[6]  (.D(d[6]),
                   |
xmelab: *W,CUVWSP (./mips32.final.vnet,1695|19): 1 output port was not connected:
xmelab: (/home/cad/lib/NANGATE45/cells.v,2089): QN

   DFF_X1 \q_reg[5]  (.D(d[5]),
                   |
xmelab: *W,CUVWSP (./mips32.final.vnet,1698|19): 1 output port was not connected:
xmelab: (/home/cad/lib/NANGATE45/cells.v,2089): QN

   DFF_X1 \q_reg[4]  (.D(d[4]),
                   |
xmelab: *W,CUVWSP (./mips32.final.vnet,1701|19): 1 output port was not connected:
xmelab: (/home/cad/lib/NANGATE45/cells.v,2089): QN

   DFF_X1 \q_reg[3]  (.D(d[3]),
                   |
xmelab: *W,CUVWSP (./mips32.final.vnet,1704|19): 1 output port was not connected:
xmelab: (/home/cad/lib/NANGATE45/cells.v,2089): QN

   DFF_X1 \q_reg[2]  (.D(d[2]),
                   |
xmelab: *W,CUVWSP (./mips32.final.vnet,1707|19): 1 output port was not connected:
xmelab: (/home/cad/lib/NANGATE45/cells.v,2089): QN

   DFF_X1 \q_reg[1]  (.D(d[1]),
                   |
xmelab: *W,CUVWSP (./mips32.final.vnet,1710|19): 1 output port was not connected:
xmelab: (/home/cad/lib/NANGATE45/cells.v,2089): QN

   DFF_X1 \q_reg[0]  (.D(d[0]),
                   |
xmelab: *W,CUVWSP (./mips32.final.vnet,1713|19): 1 output port was not connected:
xmelab: (/home/cad/lib/NANGATE45/cells.v,2089): QN

   DFF_X1 \q_reg[31]  (.D(d[31]),
                    |
xmelab: *W,CUVWSP (./mips32.final.vnet,1740|20): 1 output port was not connected:
xmelab: (/home/cad/lib/NANGATE45/cells.v,2089): QN

   DFF_X1 \q_reg[30]  (.D(d[30]),
                    |
xmelab: *W,CUVWSP (./mips32.final.vnet,1743|20): 1 output port was not connected:
xmelab: (/home/cad/lib/NANGATE45/cells.v,2089): QN

   DFF_X1 \q_reg[29]  (.D(d[29]),
                    |
xmelab: *W,CUVWSP (./mips32.final.vnet,1746|20): 1 output port was not connected:
xmelab: (/home/cad/lib/NANGATE45/cells.v,2089): QN

   DFF_X1 \q_reg[28]  (.D(d[28]),
                    |
xmelab: *W,CUVWSP (./mips32.final.vnet,1749|20): 1 output port was not connected:
xmelab: (/home/cad/lib/NANGATE45/cells.v,2089): QN

   DFF_X1 \q_reg[27]  (.D(d[27]),
                    |
xmelab: *W,CUVWSP (./mips32.final.vnet,1752|20): 1 output port was not connected:
xmelab: (/home/cad/lib/NANGATE45/cells.v,2089): QN

   DFF_X1 \q_reg[26]  (.D(d[26]),
                    |
xmelab: *W,CUVWSP (./mips32.final.vnet,1755|20): 1 output port was not connected:
xmelab: (/home/cad/lib/NANGATE45/cells.v,2089): QN

   DFF_X1 \q_reg[25]  (.D(d[25]),
                    |
xmelab: *W,CUVWSP (./mips32.final.vnet,1758|20): 1 output port was not connected:
xmelab: (/home/cad/lib/NANGATE45/cells.v,2089): QN

   DFF_X1 \q_reg[24]  (.D(d[24]),
                    |
xmelab: *W,CUVWSP (./mips32.final.vnet,1761|20): 1 output port was not connected:
xmelab: (/home/cad/lib/NANGATE45/cells.v,2089): QN

   DFF_X1 \q_reg[23]  (.D(d[23]),
                    |
xmelab: *W,CUVWSP (./mips32.final.vnet,1764|20): 1 output port was not connected:
xmelab: (/home/cad/lib/NANGATE45/cells.v,2089): QN

   DFF_X1 \q_reg[22]  (.D(d[22]),
                    |
xmelab: *W,CUVWSP (./mips32.final.vnet,1767|20): 1 output port was not connected:
xmelab: (/home/cad/lib/NANGATE45/cells.v,2089): QN

   DFF_X1 \q_reg[21]  (.D(d[21]),
                    |
xmelab: *W,CUVWSP (./mips32.final.vnet,1770|20): 1 output port was not connected:
xmelab: (/home/cad/lib/NANGATE45/cells.v,2089): QN

   DFF_X1 \q_reg[20]  (.D(d[20]),
                    |
xmelab: *W,CUVWSP (./mips32.final.vnet,1773|20): 1 output port was not connected:
xmelab: (/home/cad/lib/NANGATE45/cells.v,2089): QN

   DFF_X1 \q_reg[19]  (.D(d[19]),
                    |
xmelab: *W,CUVWSP (./mips32.final.vnet,1776|20): 1 output port was not connected:
xmelab: (/home/cad/lib/NANGATE45/cells.v,2089): QN

   DFF_X1 \q_reg[18]  (.D(d[18]),
                    |
xmelab: *W,CUVWSP (./mips32.final.vnet,1779|20): 1 output port was not connected:
xmelab: (/home/cad/lib/NANGATE45/cells.v,2089): QN

   DFF_X1 \q_reg[17]  (.D(d[17]),
                    |
xmelab: *W,CUVWSP (./mips32.final.vnet,1782|20): 1 output port was not connected:
xmelab: (/home/cad/lib/NANGATE45/cells.v,2089): QN

   DFF_X1 \q_reg[16]  (.D(d[16]),
                    |
xmelab: *W,CUVWSP (./mips32.final.vnet,1785|20): 1 output port was not connected:
xmelab: (/home/cad/lib/NANGATE45/cells.v,2089): QN

   DFF_X1 \q_reg[15]  (.D(d[15]),
                    |
xmelab: *W,CUVWSP (./mips32.final.vnet,1788|20): 1 output port was not connected:
xmelab: (/home/cad/lib/NANGATE45/cells.v,2089): QN

   DFF_X1 \q_reg[14]  (.D(d[14]),
                    |
xmelab: *W,CUVWSP (./mips32.final.vnet,1791|20): 1 output port was not connected:
xmelab: (/home/cad/lib/NANGATE45/cells.v,2089): QN

   DFF_X1 \q_reg[13]  (.D(d[13]),
                    |
xmelab: *W,CUVWSP (./mips32.final.vnet,1794|20): 1 output port was not connected:
xmelab: (/home/cad/lib/NANGATE45/cells.v,2089): QN

   DFF_X1 \q_reg[12]  (.D(d[12]),
                    |
xmelab: *W,CUVWSP (./mips32.final.vnet,1797|20): 1 output port was not connected:
xmelab: (/home/cad/lib/NANGATE45/cells.v,2089): QN

   DFF_X1 \q_reg[11]  (.D(d[11]),
                    |
xmelab: *W,CUVWSP (./mips32.final.vnet,1800|20): 1 output port was not connected:
xmelab: (/home/cad/lib/NANGATE45/cells.v,2089): QN

   DFF_X1 \q_reg[10]  (.D(d[10]),
                    |
xmelab: *W,CUVWSP (./mips32.final.vnet,1803|20): 1 output port was not connected:
xmelab: (/home/cad/lib/NANGATE45/cells.v,2089): QN

   DFF_X1 \q_reg[9]  (.D(d[9]),
                   |
xmelab: *W,CUVWSP (./mips32.final.vnet,1806|19): 1 output port was not connected:
xmelab: (/home/cad/lib/NANGATE45/cells.v,2089): QN

   DFF_X1 \q_reg[8]  (.D(d[8]),
                   |
xmelab: *W,CUVWSP (./mips32.final.vnet,1809|19): 1 output port was not connected:
xmelab: (/home/cad/lib/NANGATE45/cells.v,2089): QN

   DFF_X1 \q_reg[7]  (.D(d[7]),
                   |
xmelab: *W,CUVWSP (./mips32.final.vnet,1812|19): 1 output port was not connected:
xmelab: (/home/cad/lib/NANGATE45/cells.v,2089): QN

   DFF_X1 \q_reg[6]  (.D(d[6]),
                   |
xmelab: *W,CUVWSP (./mips32.final.vnet,1815|19): 1 output port was not connected:
xmelab: (/home/cad/lib/NANGATE45/cells.v,2089): QN

   DFF_X1 \q_reg[5]  (.D(d[5]),
                   |
xmelab: *W,CUVWSP (./mips32.final.vnet,1818|19): 1 output port was not connected:
xmelab: (/home/cad/lib/NANGATE45/cells.v,2089): QN

   DFF_X1 \q_reg[4]  (.D(d[4]),
                   |
xmelab: *W,CUVWSP (./mips32.final.vnet,1821|19): 1 output port was not connected:
xmelab: (/home/cad/lib/NANGATE45/cells.v,2089): QN

   DFF_X1 \q_reg[3]  (.D(d[3]),
                   |
xmelab: *W,CUVWSP (./mips32.final.vnet,1824|19): 1 output port was not connected:
xmelab: (/home/cad/lib/NANGATE45/cells.v,2089): QN

   DFF_X1 \q_reg[2]  (.D(d[2]),
                   |
xmelab: *W,CUVWSP (./mips32.final.vnet,1827|19): 1 output port was not connected:
xmelab: (/home/cad/lib/NANGATE45/cells.v,2089): QN

   DFF_X1 \q_reg[1]  (.D(d[1]),
                   |
xmelab: *W,CUVWSP (./mips32.final.vnet,1830|19): 1 output port was not connected:
xmelab: (/home/cad/lib/NANGATE45/cells.v,2089): QN

   DFF_X1 \q_reg[0]  (.D(d[0]),
                   |
xmelab: *W,CUVWSP (./mips32.final.vnet,1833|19): 1 output port was not connected:
xmelab: (/home/cad/lib/NANGATE45/cells.v,2089): QN

   DFF_X1 \RAM_reg[7][31]  (.D(n559),
                         |
xmelab: *W,CUVWSP (./mips32.final.vnet,4760|25): 1 output port was not connected:
xmelab: (/home/cad/lib/NANGATE45/cells.v,2089): QN

   DFF_X1 \RAM_reg[7][30]  (.D(n558),
                         |
xmelab: *W,CUVWSP (./mips32.final.vnet,4763|25): 1 output port was not connected:
xmelab: (/home/cad/lib/NANGATE45/cells.v,2089): QN

   DFF_X1 \RAM_reg[7][29]  (.D(n557),
                         |
xmelab: *W,CUVWSP (./mips32.final.vnet,4766|25): 1 output port was not connected:
xmelab: (/home/cad/lib/NANGATE45/cells.v,2089): QN

   DFF_X1 \RAM_reg[7][28]  (.D(n556),
                         |
xmelab: *W,CUVWSP (./mips32.final.vnet,4769|25): 1 output port was not connected:
xmelab: (/home/cad/lib/NANGATE45/cells.v,2089): QN

   DFF_X1 \RAM_reg[7][27]  (.D(n555),
                         |
xmelab: *W,CUVWSP (./mips32.final.vnet,4772|25): 1 output port was not connected:
xmelab: (/home/cad/lib/NANGATE45/cells.v,2089): QN

   DFF_X1 \RAM_reg[7][26]  (.D(n554),
                         |
xmelab: *W,CUVWSP (./mips32.final.vnet,4775|25): 1 output port was not connected:
xmelab: (/home/cad/lib/NANGATE45/cells.v,2089): QN

   DFF_X1 \RAM_reg[7][25]  (.D(n553),
                         |
xmelab: *W,CUVWSP (./mips32.final.vnet,4778|25): 1 output port was not connected:
xmelab: (/home/cad/lib/NANGATE45/cells.v,2089): QN

   DFF_X1 \RAM_reg[7][24]  (.D(n552),
                         |
xmelab: *W,CUVWSP (./mips32.final.vnet,4781|25): 1 output port was not connected:
xmelab: (/home/cad/lib/NANGATE45/cells.v,2089): QN

   DFF_X1 \RAM_reg[7][23]  (.D(n551),
                         |
xmelab: *W,CUVWSP (./mips32.final.vnet,4784|25): 1 output port was not connected:
xmelab: (/home/cad/lib/NANGATE45/cells.v,2089): QN

   DFF_X1 \RAM_reg[7][22]  (.D(n550),
                         |
xmelab: *W,CUVWSP (./mips32.final.vnet,4787|25): 1 output port was not connected:
xmelab: (/home/cad/lib/NANGATE45/cells.v,2089): QN

   DFF_X1 \RAM_reg[7][21]  (.D(n549),
                         |
xmelab: *W,CUVWSP (./mips32.final.vnet,4790|25): 1 output port was not connected:
xmelab: (/home/cad/lib/NANGATE45/cells.v,2089): QN

   DFF_X1 \RAM_reg[7][20]  (.D(n548),
                         |
xmelab: *W,CUVWSP (./mips32.final.vnet,4793|25): 1 output port was not connected:
xmelab: (/home/cad/lib/NANGATE45/cells.v,2089): QN

   DFF_X1 \RAM_reg[7][19]  (.D(n547),
                         |
xmelab: *W,CUVWSP (./mips32.final.vnet,4796|25): 1 output port was not connected:
xmelab: (/home/cad/lib/NANGATE45/cells.v,2089): QN

   DFF_X1 \RAM_reg[7][18]  (.D(n546),
                         |
xmelab: *W,CUVWSP (./mips32.final.vnet,4799|25): 1 output port was not connected:
xmelab: (/home/cad/lib/NANGATE45/cells.v,2089): QN

   DFF_X1 \RAM_reg[7][17]  (.D(n545),
                         |
xmelab: *W,CUVWSP (./mips32.final.vnet,4802|25): 1 output port was not connected:
xmelab: (/home/cad/lib/NANGATE45/cells.v,2089): QN

   DFF_X1 \RAM_reg[7][16]  (.D(n544),
                         |
xmelab: *W,CUVWSP (./mips32.final.vnet,4805|25): 1 output port was not connected:
xmelab: (/home/cad/lib/NANGATE45/cells.v,2089): QN

   DFF_X1 \RAM_reg[7][15]  (.D(n543),
                         |
xmelab: *W,CUVWSP (./mips32.final.vnet,4808|25): 1 output port was not connected:
xmelab: (/home/cad/lib/NANGATE45/cells.v,2089): QN

   DFF_X1 \RAM_reg[7][14]  (.D(n542),
                         |
xmelab: *W,CUVWSP (./mips32.final.vnet,4811|25): 1 output port was not connected:
xmelab: (/home/cad/lib/NANGATE45/cells.v,2089): QN

   DFF_X1 \RAM_reg[7][13]  (.D(n541),
                         |
xmelab: *W,CUVWSP (./mips32.final.vnet,4814|25): 1 output port was not connected:
xmelab: (/home/cad/lib/NANGATE45/cells.v,2089): QN

   DFF_X1 \RAM_reg[7][12]  (.D(n540),
                         |
xmelab: *W,CUVWSP (./mips32.final.vnet,4817|25): 1 output port was not connected:
xmelab: (/home/cad/lib/NANGATE45/cells.v,2089): QN

   DFF_X1 \RAM_reg[7][11]  (.D(n539),
                         |
xmelab: *W,CUVWSP (./mips32.final.vnet,4820|25): 1 output port was not connected:
xmelab: (/home/cad/lib/NANGATE45/cells.v,2089): QN

   DFF_X1 \RAM_reg[7][10]  (.D(n538),
                         |
xmelab: *W,CUVWSP (./mips32.final.vnet,4823|25): 1 output port was not connected:
xmelab: (/home/cad/lib/NANGATE45/cells.v,2089): QN

   DFF_X1 \RAM_reg[7][9]  (.D(n537),
                        |
xmelab: *W,CUVWSP (./mips32.final.vnet,4826|24): 1 output port was not connected:
xmelab: (/home/cad/lib/NANGATE45/cells.v,2089): QN

   DFF_X1 \RAM_reg[7][8]  (.D(n536),
                        |
xmelab: *W,CUVWSP (./mips32.final.vnet,4829|24): 1 output port was not connected:
xmelab: (/home/cad/lib/NANGATE45/cells.v,2089): QN

   DFF_X1 \RAM_reg[7][7]  (.D(n535),
                        |
xmelab: *W,CUVWSP (./mips32.final.vnet,4832|24): 1 output port was not connected:
xmelab: (/home/cad/lib/NANGATE45/cells.v,2089): QN

   DFF_X1 \RAM_reg[7][6]  (.D(n534),
                        |
xmelab: *W,CUVWSP (./mips32.final.vnet,4835|24): 1 output port was not connected:
xmelab: (/home/cad/lib/NANGATE45/cells.v,2089): QN

   DFF_X1 \RAM_reg[7][5]  (.D(n533),
                        |
xmelab: *W,CUVWSP (./mips32.final.vnet,4838|24): 1 output port was not connected:
xmelab: (/home/cad/lib/NANGATE45/cells.v,2089): QN

   DFF_X1 \RAM_reg[7][4]  (.D(n532),
                        |
xmelab: *W,CUVWSP (./mips32.final.vnet,4841|24): 1 output port was not connected:
xmelab: (/home/cad/lib/NANGATE45/cells.v,2089): QN

   DFF_X1 \RAM_reg[7][3]  (.D(n531),
                        |
xmelab: *W,CUVWSP (./mips32.final.vnet,4844|24): 1 output port was not connected:
xmelab: (/home/cad/lib/NANGATE45/cells.v,2089): QN

   DFF_X1 \RAM_reg[7][2]  (.D(n530),
                        |
xmelab: *W,CUVWSP (./mips32.final.vnet,4847|24): 1 output port was not connected:
xmelab: (/home/cad/lib/NANGATE45/cells.v,2089): QN

   DFF_X1 \RAM_reg[7][1]  (.D(n529),
                        |
xmelab: *W,CUVWSP (./mips32.final.vnet,4850|24): 1 output port was not connected:
xmelab: (/home/cad/lib/NANGATE45/cells.v,2089): QN

   DFF_X1 \RAM_reg[7][0]  (.D(n528),
                        |
xmelab: *W,CUVWSP (./mips32.final.vnet,4853|24): 1 output port was not connected:
xmelab: (/home/cad/lib/NANGATE45/cells.v,2089): QN

   DFF_X1 \RAM_reg[6][31]  (.D(n527),
                         |
xmelab: *W,CUVWSP (./mips32.final.vnet,4856|25): 1 output port was not connected:
xmelab: (/home/cad/lib/NANGATE45/cells.v,2089): QN

   DFF_X1 \RAM_reg[6][30]  (.D(n526),
                         |
xmelab: *W,CUVWSP (./mips32.final.vnet,4859|25): 1 output port was not connected:
xmelab: (/home/cad/lib/NANGATE45/cells.v,2089): QN

   DFF_X1 \RAM_reg[6][29]  (.D(n525),
                         |
xmelab: *W,CUVWSP (./mips32.final.vnet,4862|25): 1 output port was not connected:
xmelab: (/home/cad/lib/NANGATE45/cells.v,2089): QN

   DFF_X1 \RAM_reg[6][28]  (.D(n524),
                         |
xmelab: *W,CUVWSP (./mips32.final.vnet,4865|25): 1 output port was not connected:
xmelab: (/home/cad/lib/NANGATE45/cells.v,2089): QN

   DFF_X1 \RAM_reg[6][27]  (.D(n523),
                         |
xmelab: *W,CUVWSP (./mips32.final.vnet,4868|25): 1 output port was not connected:
xmelab: (/home/cad/lib/NANGATE45/cells.v,2089): QN

   DFF_X1 \RAM_reg[6][26]  (.D(n522),
                         |
xmelab: *W,CUVWSP (./mips32.final.vnet,4871|25): 1 output port was not connected:
xmelab: (/home/cad/lib/NANGATE45/cells.v,2089): QN

   DFF_X1 \RAM_reg[6][25]  (.D(n521),
                         |
xmelab: *W,CUVWSP (./mips32.final.vnet,4874|25): 1 output port was not connected:
xmelab: (/home/cad/lib/NANGATE45/cells.v,2089): QN

   DFF_X1 \RAM_reg[6][24]  (.D(n520),
                         |
xmelab: *W,CUVWSP (./mips32.final.vnet,4877|25): 1 output port was not connected:
xmelab: (/home/cad/lib/NANGATE45/cells.v,2089): QN

   DFF_X1 \RAM_reg[6][23]  (.D(n519),
                         |
xmelab: *W,CUVWSP (./mips32.final.vnet,4880|25): 1 output port was not connected:
xmelab: (/home/cad/lib/NANGATE45/cells.v,2089): QN

   DFF_X1 \RAM_reg[6][22]  (.D(n518),
                         |
xmelab: *W,CUVWSP (./mips32.final.vnet,4883|25): 1 output port was not connected:
xmelab: (/home/cad/lib/NANGATE45/cells.v,2089): QN

   DFF_X1 \RAM_reg[6][21]  (.D(n517),
                         |
xmelab: *W,CUVWSP (./mips32.final.vnet,4886|25): 1 output port was not connected:
xmelab: (/home/cad/lib/NANGATE45/cells.v,2089): QN

   DFF_X1 \RAM_reg[6][20]  (.D(n516),
                         |
xmelab: *W,CUVWSP (./mips32.final.vnet,4889|25): 1 output port was not connected:
xmelab: (/home/cad/lib/NANGATE45/cells.v,2089): QN

   DFF_X1 \RAM_reg[6][19]  (.D(n515),
                         |
xmelab: *W,CUVWSP (./mips32.final.vnet,4892|25): 1 output port was not connected:
xmelab: (/home/cad/lib/NANGATE45/cells.v,2089): QN

   DFF_X1 \RAM_reg[6][18]  (.D(n514),
                         |
xmelab: *W,CUVWSP (./mips32.final.vnet,4895|25): 1 output port was not connected:
xmelab: (/home/cad/lib/NANGATE45/cells.v,2089): QN

   DFF_X1 \RAM_reg[6][17]  (.D(n513),
                         |
xmelab: *W,CUVWSP (./mips32.final.vnet,4898|25): 1 output port was not connected:
xmelab: (/home/cad/lib/NANGATE45/cells.v,2089): QN

   DFF_X1 \RAM_reg[6][16]  (.D(n512),
                         |
xmelab: *W,CUVWSP (./mips32.final.vnet,4901|25): 1 output port was not connected:
xmelab: (/home/cad/lib/NANGATE45/cells.v,2089): QN

   DFF_X1 \RAM_reg[6][15]  (.D(n511),
                         |
xmelab: *W,CUVWSP (./mips32.final.vnet,4904|25): 1 output port was not connected:
xmelab: (/home/cad/lib/NANGATE45/cells.v,2089): QN

   DFF_X1 \RAM_reg[6][14]  (.D(n510),
                         |
xmelab: *W,CUVWSP (./mips32.final.vnet,4907|25): 1 output port was not connected:
xmelab: (/home/cad/lib/NANGATE45/cells.v,2089): QN

   DFF_X1 \RAM_reg[6][13]  (.D(n509),
                         |
xmelab: *W,CUVWSP (./mips32.final.vnet,4910|25): 1 output port was not connected:
xmelab: (/home/cad/lib/NANGATE45/cells.v,2089): QN

   DFF_X1 \RAM_reg[6][12]  (.D(n508),
                         |
xmelab: *W,CUVWSP (./mips32.final.vnet,4913|25): 1 output port was not connected:
xmelab: (/home/cad/lib/NANGATE45/cells.v,2089): QN

   DFF_X1 \RAM_reg[6][11]  (.D(n507),
                         |
xmelab: *W,CUVWSP (./mips32.final.vnet,4916|25): 1 output port was not connected:
xmelab: (/home/cad/lib/NANGATE45/cells.v,2089): QN

   DFF_X1 \RAM_reg[6][10]  (.D(n506),
                         |
xmelab: *W,CUVWSP (./mips32.final.vnet,4919|25): 1 output port was not connected:
xmelab: (/home/cad/lib/NANGATE45/cells.v,2089): QN

   DFF_X1 \RAM_reg[6][9]  (.D(n505),
                        |
xmelab: *W,CUVWSP (./mips32.final.vnet,4922|24): 1 output port was not connected:
xmelab: (/home/cad/lib/NANGATE45/cells.v,2089): QN

   DFF_X1 \RAM_reg[6][8]  (.D(n504),
                        |
xmelab: *W,CUVWSP (./mips32.final.vnet,4925|24): 1 output port was not connected:
xmelab: (/home/cad/lib/NANGATE45/cells.v,2089): QN

   DFF_X1 \RAM_reg[6][7]  (.D(n503),
                        |
xmelab: *W,CUVWSP (./mips32.final.vnet,4928|24): 1 output port was not connected:
xmelab: (/home/cad/lib/NANGATE45/cells.v,2089): QN

   DFF_X1 \RAM_reg[6][6]  (.D(n502),
                        |
xmelab: *W,CUVWSP (./mips32.final.vnet,4931|24): 1 output port was not connected:
xmelab: (/home/cad/lib/NANGATE45/cells.v,2089): QN

   DFF_X1 \RAM_reg[6][5]  (.D(n501),
                        |
xmelab: *W,CUVWSP (./mips32.final.vnet,4934|24): 1 output port was not connected:
xmelab: (/home/cad/lib/NANGATE45/cells.v,2089): QN

   DFF_X1 \RAM_reg[6][4]  (.D(n500),
                        |
xmelab: *W,CUVWSP (./mips32.final.vnet,4937|24): 1 output port was not connected:
xmelab: (/home/cad/lib/NANGATE45/cells.v,2089): QN

   DFF_X1 \RAM_reg[6][3]  (.D(n499),
                        |
xmelab: *W,CUVWSP (./mips32.final.vnet,4940|24): 1 output port was not connected:
xmelab: (/home/cad/lib/NANGATE45/cells.v,2089): QN

   DFF_X1 \RAM_reg[6][2]  (.D(n498),
                        |
xmelab: *W,CUVWSP (./mips32.final.vnet,4943|24): 1 output port was not connected:
xmelab: (/home/cad/lib/NANGATE45/cells.v,2089): QN

   DFF_X1 \RAM_reg[6][1]  (.D(n497),
                        |
xmelab: *W,CUVWSP (./mips32.final.vnet,4946|24): 1 output port was not connected:
xmelab: (/home/cad/lib/NANGATE45/cells.v,2089): QN

   DFF_X1 \RAM_reg[6][0]  (.D(n496),
                        |
xmelab: *W,CUVWSP (./mips32.final.vnet,4949|24): 1 output port was not connected:
xmelab: (/home/cad/lib/NANGATE45/cells.v,2089): QN

   DFF_X1 \RAM_reg[5][31]  (.D(n495),
                         |
xmelab: *W,CUVWSP (./mips32.final.vnet,4952|25): 1 output port was not connected:
xmelab: (/home/cad/lib/NANGATE45/cells.v,2089): QN

   DFF_X1 \RAM_reg[5][30]  (.D(n494),
                         |
xmelab: *W,CUVWSP (./mips32.final.vnet,4955|25): 1 output port was not connected:
xmelab: (/home/cad/lib/NANGATE45/cells.v,2089): QN

   DFF_X1 \RAM_reg[5][29]  (.D(n493),
                         |
xmelab: *W,CUVWSP (./mips32.final.vnet,4958|25): 1 output port was not connected:
xmelab: (/home/cad/lib/NANGATE45/cells.v,2089): QN

   DFF_X1 \RAM_reg[5][28]  (.D(n492),
                         |
xmelab: *W,CUVWSP (./mips32.final.vnet,4961|25): 1 output port was not connected:
xmelab: (/home/cad/lib/NANGATE45/cells.v,2089): QN

   DFF_X1 \RAM_reg[5][27]  (.D(n491),
                         |
xmelab: *W,CUVWSP (./mips32.final.vnet,4964|25): 1 output port was not connected:
xmelab: (/home/cad/lib/NANGATE45/cells.v,2089): QN

   DFF_X1 \RAM_reg[5][26]  (.D(n490),
                         |
xmelab: *W,CUVWSP (./mips32.final.vnet,4967|25): 1 output port was not connected:
xmelab: (/home/cad/lib/NANGATE45/cells.v,2089): QN

   DFF_X1 \RAM_reg[5][25]  (.D(n489),
                         |
xmelab: *W,CUVWSP (./mips32.final.vnet,4970|25): 1 output port was not connected:
xmelab: (/home/cad/lib/NANGATE45/cells.v,2089): QN

   DFF_X1 \RAM_reg[5][24]  (.D(n488),
                         |
xmelab: *W,CUVWSP (./mips32.final.vnet,4973|25): 1 output port was not connected:
xmelab: (/home/cad/lib/NANGATE45/cells.v,2089): QN

   DFF_X1 \RAM_reg[5][23]  (.D(n487),
                         |
xmelab: *W,CUVWSP (./mips32.final.vnet,4976|25): 1 output port was not connected:
xmelab: (/home/cad/lib/NANGATE45/cells.v,2089): QN

   DFF_X1 \RAM_reg[5][22]  (.D(n486),
                         |
xmelab: *W,CUVWSP (./mips32.final.vnet,4979|25): 1 output port was not connected:
xmelab: (/home/cad/lib/NANGATE45/cells.v,2089): QN

   DFF_X1 \RAM_reg[5][21]  (.D(n485),
                         |
xmelab: *W,CUVWSP (./mips32.final.vnet,4982|25): 1 output port was not connected:
xmelab: (/home/cad/lib/NANGATE45/cells.v,2089): QN

   DFF_X1 \RAM_reg[5][20]  (.D(n484),
                         |
xmelab: *W,CUVWSP (./mips32.final.vnet,4985|25): 1 output port was not connected:
xmelab: (/home/cad/lib/NANGATE45/cells.v,2089): QN

   DFF_X1 \RAM_reg[5][19]  (.D(n483),
                         |
xmelab: *W,CUVWSP (./mips32.final.vnet,4988|25): 1 output port was not connected:
xmelab: (/home/cad/lib/NANGATE45/cells.v,2089): QN

   DFF_X1 \RAM_reg[5][18]  (.D(n482),
                         |
xmelab: *W,CUVWSP (./mips32.final.vnet,4991|25): 1 output port was not connected:
xmelab: (/home/cad/lib/NANGATE45/cells.v,2089): QN

   DFF_X1 \RAM_reg[5][17]  (.D(n481),
                         |
xmelab: *W,CUVWSP (./mips32.final.vnet,4994|25): 1 output port was not connected:
xmelab: (/home/cad/lib/NANGATE45/cells.v,2089): QN

   DFF_X1 \RAM_reg[5][16]  (.D(n480),
                         |
xmelab: *W,CUVWSP (./mips32.final.vnet,4997|25): 1 output port was not connected:
xmelab: (/home/cad/lib/NANGATE45/cells.v,2089): QN

   DFF_X1 \RAM_reg[5][15]  (.D(n479),
                         |
xmelab: *W,CUVWSP (./mips32.final.vnet,5000|25): 1 output port was not connected:
xmelab: (/home/cad/lib/NANGATE45/cells.v,2089): QN

   DFF_X1 \RAM_reg[5][14]  (.D(n478),
                         |
xmelab: *W,CUVWSP (./mips32.final.vnet,5003|25): 1 output port was not connected:
xmelab: (/home/cad/lib/NANGATE45/cells.v,2089): QN

   DFF_X1 \RAM_reg[5][13]  (.D(n477),
                         |
xmelab: *W,CUVWSP (./mips32.final.vnet,5006|25): 1 output port was not connected:
xmelab: (/home/cad/lib/NANGATE45/cells.v,2089): QN

   DFF_X1 \RAM_reg[5][12]  (.D(n476),
                         |
xmelab: *W,CUVWSP (./mips32.final.vnet,5009|25): 1 output port was not connected:
xmelab: (/home/cad/lib/NANGATE45/cells.v,2089): QN

   DFF_X1 \RAM_reg[5][11]  (.D(n475),
                         |
xmelab: *W,CUVWSP (./mips32.final.vnet,5012|25): 1 output port was not connected:
xmelab: (/home/cad/lib/NANGATE45/cells.v,2089): QN

   DFF_X1 \RAM_reg[5][10]  (.D(n474),
                         |
xmelab: *W,CUVWSP (./mips32.final.vnet,5015|25): 1 output port was not connected:
xmelab: (/home/cad/lib/NANGATE45/cells.v,2089): QN

   DFF_X1 \RAM_reg[5][9]  (.D(n473),
                        |
xmelab: *W,CUVWSP (./mips32.final.vnet,5018|24): 1 output port was not connected:
xmelab: (/home/cad/lib/NANGATE45/cells.v,2089): QN

   DFF_X1 \RAM_reg[5][8]  (.D(n472),
                        |
xmelab: *W,CUVWSP (./mips32.final.vnet,5021|24): 1 output port was not connected:
xmelab: (/home/cad/lib/NANGATE45/cells.v,2089): QN

   DFF_X1 \RAM_reg[5][7]  (.D(n471),
                        |
xmelab: *W,CUVWSP (./mips32.final.vnet,5024|24): 1 output port was not connected:
xmelab: (/home/cad/lib/NANGATE45/cells.v,2089): QN

   DFF_X1 \RAM_reg[5][6]  (.D(n470),
                        |
xmelab: *W,CUVWSP (./mips32.final.vnet,5027|24): 1 output port was not connected:
xmelab: (/home/cad/lib/NANGATE45/cells.v,2089): QN

   DFF_X1 \RAM_reg[5][5]  (.D(n469),
                        |
xmelab: *W,CUVWSP (./mips32.final.vnet,5030|24): 1 output port was not connected:
xmelab: (/home/cad/lib/NANGATE45/cells.v,2089): QN

   DFF_X1 \RAM_reg[5][4]  (.D(n468),
                        |
xmelab: *W,CUVWSP (./mips32.final.vnet,5033|24): 1 output port was not connected:
xmelab: (/home/cad/lib/NANGATE45/cells.v,2089): QN

   DFF_X1 \RAM_reg[5][3]  (.D(n467),
                        |
xmelab: *W,CUVWSP (./mips32.final.vnet,5036|24): 1 output port was not connected:
xmelab: (/home/cad/lib/NANGATE45/cells.v,2089): QN

   DFF_X1 \RAM_reg[5][2]  (.D(n466),
                        |
xmelab: *W,CUVWSP (./mips32.final.vnet,5039|24): 1 output port was not connected:
xmelab: (/home/cad/lib/NANGATE45/cells.v,2089): QN

   DFF_X1 \RAM_reg[5][1]  (.D(n465),
                        |
xmelab: *W,CUVWSP (./mips32.final.vnet,5042|24): 1 output port was not connected:
xmelab: (/home/cad/lib/NANGATE45/cells.v,2089): QN

   DFF_X1 \RAM_reg[5][0]  (.D(n464),
                        |
xmelab: *W,CUVWSP (./mips32.final.vnet,5045|24): 1 output port was not connected:
xmelab: (/home/cad/lib/NANGATE45/cells.v,2089): QN

   DFF_X1 \RAM_reg[4][31]  (.D(n463),
                         |
xmelab: *W,CUVWSP (./mips32.final.vnet,5048|25): 1 output port was not connected:
xmelab: (/home/cad/lib/NANGATE45/cells.v,2089): QN

   DFF_X1 \RAM_reg[4][30]  (.D(n462),
                         |
xmelab: *W,CUVWSP (./mips32.final.vnet,5051|25): 1 output port was not connected:
xmelab: (/home/cad/lib/NANGATE45/cells.v,2089): QN

   DFF_X1 \RAM_reg[4][29]  (.D(n461),
                         |
xmelab: *W,CUVWSP (./mips32.final.vnet,5054|25): 1 output port was not connected:
xmelab: (/home/cad/lib/NANGATE45/cells.v,2089): QN

   DFF_X1 \RAM_reg[4][28]  (.D(n460),
                         |
xmelab: *W,CUVWSP (./mips32.final.vnet,5057|25): 1 output port was not connected:
xmelab: (/home/cad/lib/NANGATE45/cells.v,2089): QN

   DFF_X1 \RAM_reg[4][27]  (.D(n459),
                         |
xmelab: *W,CUVWSP (./mips32.final.vnet,5060|25): 1 output port was not connected:
xmelab: (/home/cad/lib/NANGATE45/cells.v,2089): QN

   DFF_X1 \RAM_reg[4][26]  (.D(n458),
                         |
xmelab: *W,CUVWSP (./mips32.final.vnet,5063|25): 1 output port was not connected:
xmelab: (/home/cad/lib/NANGATE45/cells.v,2089): QN

   DFF_X1 \RAM_reg[4][25]  (.D(n457),
                         |
xmelab: *W,CUVWSP (./mips32.final.vnet,5066|25): 1 output port was not connected:
xmelab: (/home/cad/lib/NANGATE45/cells.v,2089): QN

   DFF_X1 \RAM_reg[4][24]  (.D(n456),
                         |
xmelab: *W,CUVWSP (./mips32.final.vnet,5069|25): 1 output port was not connected:
xmelab: (/home/cad/lib/NANGATE45/cells.v,2089): QN

   DFF_X1 \RAM_reg[4][23]  (.D(n455),
                         |
xmelab: *W,CUVWSP (./mips32.final.vnet,5072|25): 1 output port was not connected:
xmelab: (/home/cad/lib/NANGATE45/cells.v,2089): QN

   DFF_X1 \RAM_reg[4][22]  (.D(n454),
                         |
xmelab: *W,CUVWSP (./mips32.final.vnet,5075|25): 1 output port was not connected:
xmelab: (/home/cad/lib/NANGATE45/cells.v,2089): QN

   DFF_X1 \RAM_reg[4][21]  (.D(n453),
                         |
xmelab: *W,CUVWSP (./mips32.final.vnet,5078|25): 1 output port was not connected:
xmelab: (/home/cad/lib/NANGATE45/cells.v,2089): QN

   DFF_X1 \RAM_reg[4][20]  (.D(n452),
                         |
xmelab: *W,CUVWSP (./mips32.final.vnet,5081|25): 1 output port was not connected:
xmelab: (/home/cad/lib/NANGATE45/cells.v,2089): QN

   DFF_X1 \RAM_reg[4][19]  (.D(n451),
                         |
xmelab: *W,CUVWSP (./mips32.final.vnet,5084|25): 1 output port was not connected:
xmelab: (/home/cad/lib/NANGATE45/cells.v,2089): QN

   DFF_X1 \RAM_reg[4][18]  (.D(n450),
                         |
xmelab: *W,CUVWSP (./mips32.final.vnet,5087|25): 1 output port was not connected:
xmelab: (/home/cad/lib/NANGATE45/cells.v,2089): QN

   DFF_X1 \RAM_reg[4][17]  (.D(n449),
                         |
xmelab: *W,CUVWSP (./mips32.final.vnet,5090|25): 1 output port was not connected:
xmelab: (/home/cad/lib/NANGATE45/cells.v,2089): QN

   DFF_X1 \RAM_reg[4][16]  (.D(n448),
                         |
xmelab: *W,CUVWSP (./mips32.final.vnet,5093|25): 1 output port was not connected:
xmelab: (/home/cad/lib/NANGATE45/cells.v,2089): QN

   DFF_X1 \RAM_reg[4][15]  (.D(n447),
                         |
xmelab: *W,CUVWSP (./mips32.final.vnet,5096|25): 1 output port was not connected:
xmelab: (/home/cad/lib/NANGATE45/cells.v,2089): QN

   DFF_X1 \RAM_reg[4][14]  (.D(n446),
                         |
xmelab: *W,CUVWSP (./mips32.final.vnet,5099|25): 1 output port was not connected:
xmelab: (/home/cad/lib/NANGATE45/cells.v,2089): QN

   DFF_X1 \RAM_reg[4][13]  (.D(n445),
                         |
xmelab: *W,CUVWSP (./mips32.final.vnet,5102|25): 1 output port was not connected:
xmelab: (/home/cad/lib/NANGATE45/cells.v,2089): QN

   DFF_X1 \RAM_reg[4][12]  (.D(n444),
                         |
xmelab: *W,CUVWSP (./mips32.final.vnet,5105|25): 1 output port was not connected:
xmelab: (/home/cad/lib/NANGATE45/cells.v,2089): QN

   DFF_X1 \RAM_reg[4][11]  (.D(n443),
                         |
xmelab: *W,CUVWSP (./mips32.final.vnet,5108|25): 1 output port was not connected:
xmelab: (/home/cad/lib/NANGATE45/cells.v,2089): QN

   DFF_X1 \RAM_reg[4][10]  (.D(n442),
                         |
xmelab: *W,CUVWSP (./mips32.final.vnet,5111|25): 1 output port was not connected:
xmelab: (/home/cad/lib/NANGATE45/cells.v,2089): QN

   DFF_X1 \RAM_reg[4][9]  (.D(n441),
                        |
xmelab: *W,CUVWSP (./mips32.final.vnet,5114|24): 1 output port was not connected:
xmelab: (/home/cad/lib/NANGATE45/cells.v,2089): QN

   DFF_X1 \RAM_reg[4][8]  (.D(n440),
                        |
xmelab: *W,CUVWSP (./mips32.final.vnet,5117|24): 1 output port was not connected:
xmelab: (/home/cad/lib/NANGATE45/cells.v,2089): QN

   DFF_X1 \RAM_reg[4][7]  (.D(n439),
                        |
xmelab: *W,CUVWSP (./mips32.final.vnet,5120|24): 1 output port was not connected:
xmelab: (/home/cad/lib/NANGATE45/cells.v,2089): QN

   DFF_X1 \RAM_reg[4][6]  (.D(n438),
                        |
xmelab: *W,CUVWSP (./mips32.final.vnet,5123|24): 1 output port was not connected:
xmelab: (/home/cad/lib/NANGATE45/cells.v,2089): QN

   DFF_X1 \RAM_reg[4][5]  (.D(n437),
                        |
xmelab: *W,CUVWSP (./mips32.final.vnet,5126|24): 1 output port was not connected:
xmelab: (/home/cad/lib/NANGATE45/cells.v,2089): QN

   DFF_X1 \RAM_reg[4][4]  (.D(n436),
                        |
xmelab: *W,CUVWSP (./mips32.final.vnet,5129|24): 1 output port was not connected:
xmelab: (/home/cad/lib/NANGATE45/cells.v,2089): QN

   DFF_X1 \RAM_reg[4][3]  (.D(n435),
                        |
xmelab: *W,CUVWSP (./mips32.final.vnet,5132|24): 1 output port was not connected:
xmelab: (/home/cad/lib/NANGATE45/cells.v,2089): QN

   DFF_X1 \RAM_reg[4][2]  (.D(n434),
                        |
xmelab: *W,CUVWSP (./mips32.final.vnet,5135|24): 1 output port was not connected:
xmelab: (/home/cad/lib/NANGATE45/cells.v,2089): QN

   DFF_X1 \RAM_reg[4][1]  (.D(n433),
                        |
xmelab: *W,CUVWSP (./mips32.final.vnet,5138|24): 1 output port was not connected:
xmelab: (/home/cad/lib/NANGATE45/cells.v,2089): QN

   DFF_X1 \RAM_reg[4][0]  (.D(n432),
                        |
xmelab: *W,CUVWSP (./mips32.final.vnet,5141|24): 1 output port was not connected:
xmelab: (/home/cad/lib/NANGATE45/cells.v,2089): QN

   DFF_X1 \RAM_reg[3][31]  (.D(n431),
                         |
xmelab: *W,CUVWSP (./mips32.final.vnet,5144|25): 1 output port was not connected:
xmelab: (/home/cad/lib/NANGATE45/cells.v,2089): QN

   DFF_X1 \RAM_reg[3][30]  (.D(n430),
                         |
xmelab: *W,CUVWSP (./mips32.final.vnet,5147|25): 1 output port was not connected:
xmelab: (/home/cad/lib/NANGATE45/cells.v,2089): QN

   DFF_X1 \RAM_reg[3][29]  (.D(n429),
                         |
xmelab: *W,CUVWSP (./mips32.final.vnet,5150|25): 1 output port was not connected:
xmelab: (/home/cad/lib/NANGATE45/cells.v,2089): QN

   DFF_X1 \RAM_reg[3][28]  (.D(n428),
                         |
xmelab: *W,CUVWSP (./mips32.final.vnet,5153|25): 1 output port was not connected:
xmelab: (/home/cad/lib/NANGATE45/cells.v,2089): QN

   DFF_X1 \RAM_reg[3][27]  (.D(n427),
                         |
xmelab: *W,CUVWSP (./mips32.final.vnet,5156|25): 1 output port was not connected:
xmelab: (/home/cad/lib/NANGATE45/cells.v,2089): QN

   DFF_X1 \RAM_reg[3][26]  (.D(n426),
                         |
xmelab: *W,CUVWSP (./mips32.final.vnet,5159|25): 1 output port was not connected:
xmelab: (/home/cad/lib/NANGATE45/cells.v,2089): QN

   DFF_X1 \RAM_reg[3][25]  (.D(n425),
                         |
xmelab: *W,CUVWSP (./mips32.final.vnet,5162|25): 1 output port was not connected:
xmelab: (/home/cad/lib/NANGATE45/cells.v,2089): QN

   DFF_X1 \RAM_reg[3][24]  (.D(n424),
                         |
xmelab: *W,CUVWSP (./mips32.final.vnet,5165|25): 1 output port was not connected:
xmelab: (/home/cad/lib/NANGATE45/cells.v,2089): QN

   DFF_X1 \RAM_reg[3][23]  (.D(n423),
                         |
xmelab: *W,CUVWSP (./mips32.final.vnet,5168|25): 1 output port was not connected:
xmelab: (/home/cad/lib/NANGATE45/cells.v,2089): QN

   DFF_X1 \RAM_reg[3][22]  (.D(n422),
                         |
xmelab: *W,CUVWSP (./mips32.final.vnet,5171|25): 1 output port was not connected:
xmelab: (/home/cad/lib/NANGATE45/cells.v,2089): QN

   DFF_X1 \RAM_reg[3][21]  (.D(n421),
                         |
xmelab: *W,CUVWSP (./mips32.final.vnet,5174|25): 1 output port was not connected:
xmelab: (/home/cad/lib/NANGATE45/cells.v,2089): QN

   DFF_X1 \RAM_reg[3][20]  (.D(n420),
                         |
xmelab: *W,CUVWSP (./mips32.final.vnet,5177|25): 1 output port was not connected:
xmelab: (/home/cad/lib/NANGATE45/cells.v,2089): QN

   DFF_X1 \RAM_reg[3][19]  (.D(n419),
                         |
xmelab: *W,CUVWSP (./mips32.final.vnet,5180|25): 1 output port was not connected:
xmelab: (/home/cad/lib/NANGATE45/cells.v,2089): QN

   DFF_X1 \RAM_reg[3][18]  (.D(n418),
                         |
xmelab: *W,CUVWSP (./mips32.final.vnet,5183|25): 1 output port was not connected:
xmelab: (/home/cad/lib/NANGATE45/cells.v,2089): QN

   DFF_X1 \RAM_reg[3][17]  (.D(n417),
                         |
xmelab: *W,CUVWSP (./mips32.final.vnet,5186|25): 1 output port was not connected:
xmelab: (/home/cad/lib/NANGATE45/cells.v,2089): QN

   DFF_X1 \RAM_reg[3][16]  (.D(n416),
                         |
xmelab: *W,CUVWSP (./mips32.final.vnet,5189|25): 1 output port was not connected:
xmelab: (/home/cad/lib/NANGATE45/cells.v,2089): QN

   DFF_X1 \RAM_reg[3][15]  (.D(n415),
                         |
xmelab: *W,CUVWSP (./mips32.final.vnet,5192|25): 1 output port was not connected:
xmelab: (/home/cad/lib/NANGATE45/cells.v,2089): QN

   DFF_X1 \RAM_reg[3][14]  (.D(n414),
                         |
xmelab: *W,CUVWSP (./mips32.final.vnet,5195|25): 1 output port was not connected:
xmelab: (/home/cad/lib/NANGATE45/cells.v,2089): QN

   DFF_X1 \RAM_reg[3][13]  (.D(n413),
                         |
xmelab: *W,CUVWSP (./mips32.final.vnet,5198|25): 1 output port was not connected:
xmelab: (/home/cad/lib/NANGATE45/cells.v,2089): QN

   DFF_X1 \RAM_reg[3][12]  (.D(n412),
                         |
xmelab: *W,CUVWSP (./mips32.final.vnet,5201|25): 1 output port was not connected:
xmelab: (/home/cad/lib/NANGATE45/cells.v,2089): QN

   DFF_X1 \RAM_reg[3][11]  (.D(n411),
                         |
xmelab: *W,CUVWSP (./mips32.final.vnet,5204|25): 1 output port was not connected:
xmelab: (/home/cad/lib/NANGATE45/cells.v,2089): QN

   DFF_X1 \RAM_reg[3][10]  (.D(n410),
                         |
xmelab: *W,CUVWSP (./mips32.final.vnet,5207|25): 1 output port was not connected:
xmelab: (/home/cad/lib/NANGATE45/cells.v,2089): QN

   DFF_X1 \RAM_reg[3][9]  (.D(n409),
                        |
xmelab: *W,CUVWSP (./mips32.final.vnet,5210|24): 1 output port was not connected:
xmelab: (/home/cad/lib/NANGATE45/cells.v,2089): QN

   DFF_X1 \RAM_reg[3][8]  (.D(n408),
                        |
xmelab: *W,CUVWSP (./mips32.final.vnet,5213|24): 1 output port was not connected:
xmelab: (/home/cad/lib/NANGATE45/cells.v,2089): QN

   DFF_X1 \RAM_reg[3][7]  (.D(n407),
                        |
xmelab: *W,CUVWSP (./mips32.final.vnet,5216|24): 1 output port was not connected:
xmelab: (/home/cad/lib/NANGATE45/cells.v,2089): QN

   DFF_X1 \RAM_reg[3][6]  (.D(n406),
                        |
xmelab: *W,CUVWSP (./mips32.final.vnet,5219|24): 1 output port was not connected:
xmelab: (/home/cad/lib/NANGATE45/cells.v,2089): QN

   DFF_X1 \RAM_reg[3][5]  (.D(n405),
                        |
xmelab: *W,CUVWSP (./mips32.final.vnet,5222|24): 1 output port was not connected:
xmelab: (/home/cad/lib/NANGATE45/cells.v,2089): QN

   DFF_X1 \RAM_reg[3][4]  (.D(n404),
                        |
xmelab: *W,CUVWSP (./mips32.final.vnet,5225|24): 1 output port was not connected:
xmelab: (/home/cad/lib/NANGATE45/cells.v,2089): QN

   DFF_X1 \RAM_reg[3][3]  (.D(n403),
                        |
xmelab: *W,CUVWSP (./mips32.final.vnet,5228|24): 1 output port was not connected:
xmelab: (/home/cad/lib/NANGATE45/cells.v,2089): QN

   DFF_X1 \RAM_reg[3][2]  (.D(n402),
                        |
xmelab: *W,CUVWSP (./mips32.final.vnet,5231|24): 1 output port was not connected:
xmelab: (/home/cad/lib/NANGATE45/cells.v,2089): QN

   DFF_X1 \RAM_reg[3][1]  (.D(n401),
                        |
xmelab: *W,CUVWSP (./mips32.final.vnet,5234|24): 1 output port was not connected:
xmelab: (/home/cad/lib/NANGATE45/cells.v,2089): QN

   DFF_X1 \RAM_reg[3][0]  (.D(n400),
                        |
xmelab: *W,CUVWSP (./mips32.final.vnet,5237|24): 1 output port was not connected:
xmelab: (/home/cad/lib/NANGATE45/cells.v,2089): QN

   DFF_X1 \RAM_reg[2][31]  (.D(n399),
                         |
xmelab: *W,CUVWSP (./mips32.final.vnet,5240|25): 1 output port was not connected:
xmelab: (/home/cad/lib/NANGATE45/cells.v,2089): QN

   DFF_X1 \RAM_reg[2][30]  (.D(n398),
                         |
xmelab: *W,CUVWSP (./mips32.final.vnet,5243|25): 1 output port was not connected:
xmelab: (/home/cad/lib/NANGATE45/cells.v,2089): QN

   DFF_X1 \RAM_reg[2][29]  (.D(n397),
                         |
xmelab: *W,CUVWSP (./mips32.final.vnet,5246|25): 1 output port was not connected:
xmelab: (/home/cad/lib/NANGATE45/cells.v,2089): QN

   DFF_X1 \RAM_reg[2][28]  (.D(n396),
                         |
xmelab: *W,CUVWSP (./mips32.final.vnet,5249|25): 1 output port was not connected:
xmelab: (/home/cad/lib/NANGATE45/cells.v,2089): QN

   DFF_X1 \RAM_reg[2][27]  (.D(n395),
                         |
xmelab: *W,CUVWSP (./mips32.final.vnet,5252|25): 1 output port was not connected:
xmelab: (/home/cad/lib/NANGATE45/cells.v,2089): QN

   DFF_X1 \RAM_reg[2][26]  (.D(n394),
                         |
xmelab: *W,CUVWSP (./mips32.final.vnet,5255|25): 1 output port was not connected:
xmelab: (/home/cad/lib/NANGATE45/cells.v,2089): QN

   DFF_X1 \RAM_reg[2][25]  (.D(n393),
                         |
xmelab: *W,CUVWSP (./mips32.final.vnet,5258|25): 1 output port was not connected:
xmelab: (/home/cad/lib/NANGATE45/cells.v,2089): QN

   DFF_X1 \RAM_reg[2][24]  (.D(n392),
                         |
xmelab: *W,CUVWSP (./mips32.final.vnet,5261|25): 1 output port was not connected:
xmelab: (/home/cad/lib/NANGATE45/cells.v,2089): QN

   DFF_X1 \RAM_reg[2][23]  (.D(n391),
                         |
xmelab: *W,CUVWSP (./mips32.final.vnet,5264|25): 1 output port was not connected:
xmelab: (/home/cad/lib/NANGATE45/cells.v,2089): QN

   DFF_X1 \RAM_reg[2][22]  (.D(n390),
                         |
xmelab: *W,CUVWSP (./mips32.final.vnet,5267|25): 1 output port was not connected:
xmelab: (/home/cad/lib/NANGATE45/cells.v,2089): QN

   DFF_X1 \RAM_reg[2][21]  (.D(n389),
                         |
xmelab: *W,CUVWSP (./mips32.final.vnet,5270|25): 1 output port was not connected:
xmelab: (/home/cad/lib/NANGATE45/cells.v,2089): QN

   DFF_X1 \RAM_reg[2][20]  (.D(n388),
                         |
xmelab: *W,CUVWSP (./mips32.final.vnet,5273|25): 1 output port was not connected:
xmelab: (/home/cad/lib/NANGATE45/cells.v,2089): QN

   DFF_X1 \RAM_reg[2][19]  (.D(n387),
                         |
xmelab: *W,CUVWSP (./mips32.final.vnet,5276|25): 1 output port was not connected:
xmelab: (/home/cad/lib/NANGATE45/cells.v,2089): QN

   DFF_X1 \RAM_reg[2][18]  (.D(n386),
                         |
xmelab: *W,CUVWSP (./mips32.final.vnet,5279|25): 1 output port was not connected:
xmelab: (/home/cad/lib/NANGATE45/cells.v,2089): QN

   DFF_X1 \RAM_reg[2][17]  (.D(n385),
                         |
xmelab: *W,CUVWSP (./mips32.final.vnet,5282|25): 1 output port was not connected:
xmelab: (/home/cad/lib/NANGATE45/cells.v,2089): QN

   DFF_X1 \RAM_reg[2][16]  (.D(n384),
                         |
xmelab: *W,CUVWSP (./mips32.final.vnet,5285|25): 1 output port was not connected:
xmelab: (/home/cad/lib/NANGATE45/cells.v,2089): QN

   DFF_X1 \RAM_reg[2][15]  (.D(n383),
                         |
xmelab: *W,CUVWSP (./mips32.final.vnet,5288|25): 1 output port was not connected:
xmelab: (/home/cad/lib/NANGATE45/cells.v,2089): QN

   DFF_X1 \RAM_reg[2][14]  (.D(n382),
                         |
xmelab: *W,CUVWSP (./mips32.final.vnet,5291|25): 1 output port was not connected:
xmelab: (/home/cad/lib/NANGATE45/cells.v,2089): QN

   DFF_X1 \RAM_reg[2][13]  (.D(n381),
                         |
xmelab: *W,CUVWSP (./mips32.final.vnet,5294|25): 1 output port was not connected:
xmelab: (/home/cad/lib/NANGATE45/cells.v,2089): QN

   DFF_X1 \RAM_reg[2][12]  (.D(n380),
                         |
xmelab: *W,CUVWSP (./mips32.final.vnet,5297|25): 1 output port was not connected:
xmelab: (/home/cad/lib/NANGATE45/cells.v,2089): QN

   DFF_X1 \RAM_reg[2][11]  (.D(n379),
                         |
xmelab: *W,CUVWSP (./mips32.final.vnet,5300|25): 1 output port was not connected:
xmelab: (/home/cad/lib/NANGATE45/cells.v,2089): QN

   DFF_X1 \RAM_reg[2][10]  (.D(n378),
                         |
xmelab: *W,CUVWSP (./mips32.final.vnet,5303|25): 1 output port was not connected:
xmelab: (/home/cad/lib/NANGATE45/cells.v,2089): QN

   DFF_X1 \RAM_reg[2][9]  (.D(n377),
                        |
xmelab: *W,CUVWSP (./mips32.final.vnet,5306|24): 1 output port was not connected:
xmelab: (/home/cad/lib/NANGATE45/cells.v,2089): QN

   DFF_X1 \RAM_reg[2][8]  (.D(n376),
                        |
xmelab: *W,CUVWSP (./mips32.final.vnet,5309|24): 1 output port was not connected:
xmelab: (/home/cad/lib/NANGATE45/cells.v,2089): QN

   DFF_X1 \RAM_reg[2][7]  (.D(n375),
                        |
xmelab: *W,CUVWSP (./mips32.final.vnet,5312|24): 1 output port was not connected:
xmelab: (/home/cad/lib/NANGATE45/cells.v,2089): QN

   DFF_X1 \RAM_reg[2][6]  (.D(n374),
                        |
xmelab: *W,CUVWSP (./mips32.final.vnet,5315|24): 1 output port was not connected:
xmelab: (/home/cad/lib/NANGATE45/cells.v,2089): QN

   DFF_X1 \RAM_reg[2][5]  (.D(n373),
                        |
xmelab: *W,CUVWSP (./mips32.final.vnet,5318|24): 1 output port was not connected:
xmelab: (/home/cad/lib/NANGATE45/cells.v,2089): QN

   DFF_X1 \RAM_reg[2][4]  (.D(n372),
                        |
xmelab: *W,CUVWSP (./mips32.final.vnet,5321|24): 1 output port was not connected:
xmelab: (/home/cad/lib/NANGATE45/cells.v,2089): QN

   DFF_X1 \RAM_reg[2][3]  (.D(n371),
                        |
xmelab: *W,CUVWSP (./mips32.final.vnet,5324|24): 1 output port was not connected:
xmelab: (/home/cad/lib/NANGATE45/cells.v,2089): QN

   DFF_X1 \RAM_reg[2][2]  (.D(n370),
                        |
xmelab: *W,CUVWSP (./mips32.final.vnet,5327|24): 1 output port was not connected:
xmelab: (/home/cad/lib/NANGATE45/cells.v,2089): QN

   DFF_X1 \RAM_reg[2][1]  (.D(n369),
                        |
xmelab: *W,CUVWSP (./mips32.final.vnet,5330|24): 1 output port was not connected:
xmelab: (/home/cad/lib/NANGATE45/cells.v,2089): QN

   DFF_X1 \RAM_reg[2][0]  (.D(n368),
                        |
xmelab: *W,CUVWSP (./mips32.final.vnet,5333|24): 1 output port was not connected:
xmelab: (/home/cad/lib/NANGATE45/cells.v,2089): QN

   DFF_X1 \RAM_reg[1][31]  (.D(n367),
                         |
xmelab: *W,CUVWSP (./mips32.final.vnet,5336|25): 1 output port was not connected:
xmelab: (/home/cad/lib/NANGATE45/cells.v,2089): QN

   DFF_X1 \RAM_reg[1][30]  (.D(n366),
                         |
xmelab: *W,CUVWSP (./mips32.final.vnet,5339|25): 1 output port was not connected:
xmelab: (/home/cad/lib/NANGATE45/cells.v,2089): QN

   DFF_X1 \RAM_reg[1][29]  (.D(n365),
                         |
xmelab: *W,CUVWSP (./mips32.final.vnet,5342|25): 1 output port was not connected:
xmelab: (/home/cad/lib/NANGATE45/cells.v,2089): QN

   DFF_X1 \RAM_reg[1][28]  (.D(n364),
                         |
xmelab: *W,CUVWSP (./mips32.final.vnet,5345|25): 1 output port was not connected:
xmelab: (/home/cad/lib/NANGATE45/cells.v,2089): QN

   DFF_X1 \RAM_reg[1][27]  (.D(n363),
                         |
xmelab: *W,CUVWSP (./mips32.final.vnet,5348|25): 1 output port was not connected:
xmelab: (/home/cad/lib/NANGATE45/cells.v,2089): QN

   DFF_X1 \RAM_reg[1][26]  (.D(n362),
                         |
xmelab: *W,CUVWSP (./mips32.final.vnet,5351|25): 1 output port was not connected:
xmelab: (/home/cad/lib/NANGATE45/cells.v,2089): QN

   DFF_X1 \RAM_reg[1][25]  (.D(n361),
                         |
xmelab: *W,CUVWSP (./mips32.final.vnet,5354|25): 1 output port was not connected:
xmelab: (/home/cad/lib/NANGATE45/cells.v,2089): QN

   DFF_X1 \RAM_reg[1][24]  (.D(n360),
                         |
xmelab: *W,CUVWSP (./mips32.final.vnet,5357|25): 1 output port was not connected:
xmelab: (/home/cad/lib/NANGATE45/cells.v,2089): QN

   DFF_X1 \RAM_reg[1][23]  (.D(n359),
                         |
xmelab: *W,CUVWSP (./mips32.final.vnet,5360|25): 1 output port was not connected:
xmelab: (/home/cad/lib/NANGATE45/cells.v,2089): QN

   DFF_X1 \RAM_reg[1][22]  (.D(n358),
                         |
xmelab: *W,CUVWSP (./mips32.final.vnet,5363|25): 1 output port was not connected:
xmelab: (/home/cad/lib/NANGATE45/cells.v,2089): QN

   DFF_X1 \RAM_reg[1][21]  (.D(n357),
                         |
xmelab: *W,CUVWSP (./mips32.final.vnet,5366|25): 1 output port was not connected:
xmelab: (/home/cad/lib/NANGATE45/cells.v,2089): QN

   DFF_X1 \RAM_reg[1][20]  (.D(n356),
                         |
xmelab: *W,CUVWSP (./mips32.final.vnet,5369|25): 1 output port was not connected:
xmelab: (/home/cad/lib/NANGATE45/cells.v,2089): QN

   DFF_X1 \RAM_reg[1][19]  (.D(n355),
                         |
xmelab: *W,CUVWSP (./mips32.final.vnet,5372|25): 1 output port was not connected:
xmelab: (/home/cad/lib/NANGATE45/cells.v,2089): QN

   DFF_X1 \RAM_reg[1][18]  (.D(n354),
                         |
xmelab: *W,CUVWSP (./mips32.final.vnet,5375|25): 1 output port was not connected:
xmelab: (/home/cad/lib/NANGATE45/cells.v,2089): QN

   DFF_X1 \RAM_reg[1][17]  (.D(n353),
                         |
xmelab: *W,CUVWSP (./mips32.final.vnet,5378|25): 1 output port was not connected:
xmelab: (/home/cad/lib/NANGATE45/cells.v,2089): QN

   DFF_X1 \RAM_reg[1][16]  (.D(n352),
                         |
xmelab: *W,CUVWSP (./mips32.final.vnet,5381|25): 1 output port was not connected:
xmelab: (/home/cad/lib/NANGATE45/cells.v,2089): QN

   DFF_X1 \RAM_reg[1][15]  (.D(n351),
                         |
xmelab: *W,CUVWSP (./mips32.final.vnet,5384|25): 1 output port was not connected:
xmelab: (/home/cad/lib/NANGATE45/cells.v,2089): QN

   DFF_X1 \RAM_reg[1][14]  (.D(n350),
                         |
xmelab: *W,CUVWSP (./mips32.final.vnet,5387|25): 1 output port was not connected:
xmelab: (/home/cad/lib/NANGATE45/cells.v,2089): QN

   DFF_X1 \RAM_reg[1][13]  (.D(n349),
                         |
xmelab: *W,CUVWSP (./mips32.final.vnet,5390|25): 1 output port was not connected:
xmelab: (/home/cad/lib/NANGATE45/cells.v,2089): QN

   DFF_X1 \RAM_reg[1][12]  (.D(n348),
                         |
xmelab: *W,CUVWSP (./mips32.final.vnet,5393|25): 1 output port was not connected:
xmelab: (/home/cad/lib/NANGATE45/cells.v,2089): QN

   DFF_X1 \RAM_reg[1][11]  (.D(n347),
                         |
xmelab: *W,CUVWSP (./mips32.final.vnet,5396|25): 1 output port was not connected:
xmelab: (/home/cad/lib/NANGATE45/cells.v,2089): QN

   DFF_X1 \RAM_reg[1][10]  (.D(n346),
                         |
xmelab: *W,CUVWSP (./mips32.final.vnet,5399|25): 1 output port was not connected:
xmelab: (/home/cad/lib/NANGATE45/cells.v,2089): QN

   DFF_X1 \RAM_reg[1][9]  (.D(n345),
                        |
xmelab: *W,CUVWSP (./mips32.final.vnet,5402|24): 1 output port was not connected:
xmelab: (/home/cad/lib/NANGATE45/cells.v,2089): QN

   DFF_X1 \RAM_reg[1][8]  (.D(n344),
                        |
xmelab: *W,CUVWSP (./mips32.final.vnet,5405|24): 1 output port was not connected:
xmelab: (/home/cad/lib/NANGATE45/cells.v,2089): QN

   DFF_X1 \RAM_reg[1][7]  (.D(n343),
                        |
xmelab: *W,CUVWSP (./mips32.final.vnet,5408|24): 1 output port was not connected:
xmelab: (/home/cad/lib/NANGATE45/cells.v,2089): QN

   DFF_X1 \RAM_reg[1][6]  (.D(n342),
                        |
xmelab: *W,CUVWSP (./mips32.final.vnet,5411|24): 1 output port was not connected:
xmelab: (/home/cad/lib/NANGATE45/cells.v,2089): QN

   DFF_X1 \RAM_reg[1][5]  (.D(n341),
                        |
xmelab: *W,CUVWSP (./mips32.final.vnet,5414|24): 1 output port was not connected:
xmelab: (/home/cad/lib/NANGATE45/cells.v,2089): QN

   DFF_X1 \RAM_reg[1][4]  (.D(n340),
                        |
xmelab: *W,CUVWSP (./mips32.final.vnet,5417|24): 1 output port was not connected:
xmelab: (/home/cad/lib/NANGATE45/cells.v,2089): QN

   DFF_X1 \RAM_reg[1][3]  (.D(n339),
                        |
xmelab: *W,CUVWSP (./mips32.final.vnet,5420|24): 1 output port was not connected:
xmelab: (/home/cad/lib/NANGATE45/cells.v,2089): QN

   DFF_X1 \RAM_reg[1][2]  (.D(n338),
                        |
xmelab: *W,CUVWSP (./mips32.final.vnet,5423|24): 1 output port was not connected:
xmelab: (/home/cad/lib/NANGATE45/cells.v,2089): QN

   DFF_X1 \RAM_reg[1][1]  (.D(n337),
                        |
xmelab: *W,CUVWSP (./mips32.final.vnet,5426|24): 1 output port was not connected:
xmelab: (/home/cad/lib/NANGATE45/cells.v,2089): QN

   DFF_X1 \RAM_reg[1][0]  (.D(n336),
                        |
xmelab: *W,CUVWSP (./mips32.final.vnet,5429|24): 1 output port was not connected:
xmelab: (/home/cad/lib/NANGATE45/cells.v,2089): QN

   DFF_X1 \RAM_reg[0][31]  (.D(n335),
                         |
xmelab: *W,CUVWSP (./mips32.final.vnet,5432|25): 1 output port was not connected:
xmelab: (/home/cad/lib/NANGATE45/cells.v,2089): QN

   DFF_X1 \RAM_reg[0][30]  (.D(n334),
                         |
xmelab: *W,CUVWSP (./mips32.final.vnet,5435|25): 1 output port was not connected:
xmelab: (/home/cad/lib/NANGATE45/cells.v,2089): QN

   DFF_X1 \RAM_reg[0][29]  (.D(n333),
                         |
xmelab: *W,CUVWSP (./mips32.final.vnet,5438|25): 1 output port was not connected:
xmelab: (/home/cad/lib/NANGATE45/cells.v,2089): QN

   DFF_X1 \RAM_reg[0][28]  (.D(n332),
                         |
xmelab: *W,CUVWSP (./mips32.final.vnet,5441|25): 1 output port was not connected:
xmelab: (/home/cad/lib/NANGATE45/cells.v,2089): QN

   DFF_X1 \RAM_reg[0][27]  (.D(n331),
                         |
xmelab: *W,CUVWSP (./mips32.final.vnet,5444|25): 1 output port was not connected:
xmelab: (/home/cad/lib/NANGATE45/cells.v,2089): QN

   DFF_X1 \RAM_reg[0][26]  (.D(n330),
                         |
xmelab: *W,CUVWSP (./mips32.final.vnet,5447|25): 1 output port was not connected:
xmelab: (/home/cad/lib/NANGATE45/cells.v,2089): QN

   DFF_X1 \RAM_reg[0][25]  (.D(n329),
                         |
xmelab: *W,CUVWSP (./mips32.final.vnet,5450|25): 1 output port was not connected:
xmelab: (/home/cad/lib/NANGATE45/cells.v,2089): QN

   DFF_X1 \RAM_reg[0][24]  (.D(n328),
                         |
xmelab: *W,CUVWSP (./mips32.final.vnet,5453|25): 1 output port was not connected:
xmelab: (/home/cad/lib/NANGATE45/cells.v,2089): QN

   DFF_X1 \RAM_reg[0][23]  (.D(n327),
                         |
xmelab: *W,CUVWSP (./mips32.final.vnet,5456|25): 1 output port was not connected:
xmelab: (/home/cad/lib/NANGATE45/cells.v,2089): QN

   DFF_X1 \RAM_reg[0][22]  (.D(n326),
                         |
xmelab: *W,CUVWSP (./mips32.final.vnet,5459|25): 1 output port was not connected:
xmelab: (/home/cad/lib/NANGATE45/cells.v,2089): QN

   DFF_X1 \RAM_reg[0][21]  (.D(n325),
                         |
xmelab: *W,CUVWSP (./mips32.final.vnet,5462|25): 1 output port was not connected:
xmelab: (/home/cad/lib/NANGATE45/cells.v,2089): QN

   DFF_X1 \RAM_reg[0][20]  (.D(n324),
                         |
xmelab: *W,CUVWSP (./mips32.final.vnet,5465|25): 1 output port was not connected:
xmelab: (/home/cad/lib/NANGATE45/cells.v,2089): QN

   DFF_X1 \RAM_reg[0][19]  (.D(n323),
                         |
xmelab: *W,CUVWSP (./mips32.final.vnet,5468|25): 1 output port was not connected:
xmelab: (/home/cad/lib/NANGATE45/cells.v,2089): QN

   DFF_X1 \RAM_reg[0][18]  (.D(n322),
                         |
xmelab: *W,CUVWSP (./mips32.final.vnet,5471|25): 1 output port was not connected:
xmelab: (/home/cad/lib/NANGATE45/cells.v,2089): QN

   DFF_X1 \RAM_reg[0][17]  (.D(n321),
                         |
xmelab: *W,CUVWSP (./mips32.final.vnet,5474|25): 1 output port was not connected:
xmelab: (/home/cad/lib/NANGATE45/cells.v,2089): QN

   DFF_X1 \RAM_reg[0][16]  (.D(n320),
                         |
xmelab: *W,CUVWSP (./mips32.final.vnet,5477|25): 1 output port was not connected:
xmelab: (/home/cad/lib/NANGATE45/cells.v,2089): QN

   DFF_X1 \RAM_reg[0][15]  (.D(n319),
                         |
xmelab: *W,CUVWSP (./mips32.final.vnet,5480|25): 1 output port was not connected:
xmelab: (/home/cad/lib/NANGATE45/cells.v,2089): QN

   DFF_X1 \RAM_reg[0][14]  (.D(n318),
                         |
xmelab: *W,CUVWSP (./mips32.final.vnet,5483|25): 1 output port was not connected:
xmelab: (/home/cad/lib/NANGATE45/cells.v,2089): QN

   DFF_X1 \RAM_reg[0][13]  (.D(n317),
                         |
xmelab: *W,CUVWSP (./mips32.final.vnet,5486|25): 1 output port was not connected:
xmelab: (/home/cad/lib/NANGATE45/cells.v,2089): QN

   DFF_X1 \RAM_reg[0][12]  (.D(n316),
                         |
xmelab: *W,CUVWSP (./mips32.final.vnet,5489|25): 1 output port was not connected:
xmelab: (/home/cad/lib/NANGATE45/cells.v,2089): QN

   DFF_X1 \RAM_reg[0][11]  (.D(n315),
                         |
xmelab: *W,CUVWSP (./mips32.final.vnet,5492|25): 1 output port was not connected:
xmelab: (/home/cad/lib/NANGATE45/cells.v,2089): QN

   DFF_X1 \RAM_reg[0][10]  (.D(n314),
                         |
xmelab: *W,CUVWSP (./mips32.final.vnet,5495|25): 1 output port was not connected:
xmelab: (/home/cad/lib/NANGATE45/cells.v,2089): QN

   DFF_X1 \RAM_reg[0][9]  (.D(n313),
                        |
xmelab: *W,CUVWSP (./mips32.final.vnet,5498|24): 1 output port was not connected:
xmelab: (/home/cad/lib/NANGATE45/cells.v,2089): QN

   DFF_X1 \RAM_reg[0][8]  (.D(n312),
                        |
xmelab: *W,CUVWSP (./mips32.final.vnet,5501|24): 1 output port was not connected:
xmelab: (/home/cad/lib/NANGATE45/cells.v,2089): QN

   DFF_X1 \RAM_reg[0][7]  (.D(n311),
                        |
xmelab: *W,CUVWSP (./mips32.final.vnet,5504|24): 1 output port was not connected:
xmelab: (/home/cad/lib/NANGATE45/cells.v,2089): QN

   DFF_X1 \RAM_reg[0][6]  (.D(n310),
                        |
xmelab: *W,CUVWSP (./mips32.final.vnet,5507|24): 1 output port was not connected:
xmelab: (/home/cad/lib/NANGATE45/cells.v,2089): QN

   DFF_X1 \RAM_reg[0][5]  (.D(n309),
                        |
xmelab: *W,CUVWSP (./mips32.final.vnet,5510|24): 1 output port was not connected:
xmelab: (/home/cad/lib/NANGATE45/cells.v,2089): QN

   DFF_X1 \RAM_reg[0][4]  (.D(n308),
                        |
xmelab: *W,CUVWSP (./mips32.final.vnet,5513|24): 1 output port was not connected:
xmelab: (/home/cad/lib/NANGATE45/cells.v,2089): QN

   DFF_X1 \RAM_reg[0][3]  (.D(n307),
                        |
xmelab: *W,CUVWSP (./mips32.final.vnet,5516|24): 1 output port was not connected:
xmelab: (/home/cad/lib/NANGATE45/cells.v,2089): QN

   DFF_X1 \RAM_reg[0][2]  (.D(n306),
                        |
xmelab: *W,CUVWSP (./mips32.final.vnet,5519|24): 1 output port was not connected:
xmelab: (/home/cad/lib/NANGATE45/cells.v,2089): QN

   DFF_X1 \RAM_reg[0][1]  (.D(n305),
                        |
xmelab: *W,CUVWSP (./mips32.final.vnet,5522|24): 1 output port was not connected:
xmelab: (/home/cad/lib/NANGATE45/cells.v,2089): QN

   DFF_X1 \RAM_reg[0][0]  (.D(n304),
                        |
xmelab: *W,CUVWSP (./mips32.final.vnet,5525|24): 1 output port was not connected:
xmelab: (/home/cad/lib/NANGATE45/cells.v,2089): QN

   alu_WIDTH32_DW01_add_0 add_1_root_add_292_2 (.A(a),
                                             |
xmelab: *W,CUVWSP (./mips32.final.vnet,10147|45): 1 output port was not connected:
xmelab: (./mips32.final.vnet,9255): CO

   FA_X1 U1_31 (.A(A[31]),
             |
xmelab: *W,CUVWSP (./mips32.final.vnet,9265|13): 1 output port was not connected:
xmelab: (/home/cad/lib/NANGATE45/cells.v,2402): CO

	Reading SDF file from location "mips32.sdf"
	Writing compiled SDF file to "mips32.sdf.X".
	Annotating SDF timing data:
		Compiled SDF file:     mips32.sdf.X
		Log file:              sdf.log
		Backannotation scope:  top.dut
		Configuration file:    
		MTM control:           MAXIMUM
		Scale factors:         
		Scale type:            
	Annotation completed successfully...
	SDF statistics: 
		 No. of Pathdelays = 11228   	 No. of Disabled Pathdelays = 0        Annotated = 100.00% (11228/11228) 
		 No. of Tchecks    = 1792    	 No. of Disabled Tchecks    = 0        Annotated = 100.00% (1792/1792) 
				        Total(T) 	   Disabled(D) 	    Annotated(A)	  Percentage(A/(T-D))
		 Path Delays	         11228	             0	             11228	                100.00
		      $width	           896	             0	               896	                100.00
		  $setuphold	           896	             0	               896	                100.00
   assign N14 = ra1[2] ;
        |
xmelab: *W,SDFNCAP (./mips32.final.vnet,4681|8): The interconnect source top.dut.dp.ir.\q_reg[23] .Q is separated by a unidirectional continuous assign from the destination top.dut.dp.rf.U43.A2.  The port annotation will still occur.
   assign N13 = ra1[1] ;
        |
xmelab: *W,SDFNCAP (./mips32.final.vnet,4680|8): The interconnect source top.dut.dp.ir.\q_reg[22] .Q is separated by a unidirectional continuous assign from the destination top.dut.dp.rf.U43.A1.  The port annotation will still occur.
   assign N12 = ra1[0] ;
        |
xmelab: *W,SDFNCAP (./mips32.final.vnet,4679|8): The interconnect source top.dut.dp.ir.\q_reg[21] .Q is separated by a unidirectional continuous assign from the destination top.dut.dp.rf.U43.A3.  The port annotation will still occur.
   assign N14 = ra1[2] ;
        |
xmelab: *W,SDFNCAP (./mips32.final.vnet,4681|8): The interconnect source top.dut.dp.ir.\q_reg[23] .Q is separated by a unidirectional continuous assign from the destination top.dut.dp.rf.U762.A.  The port annotation will still occur.
   assign N14 = ra1[2] ;
        |
xmelab: *W,SDFNCAP (./mips32.final.vnet,4681|8): The interconnect source top.dut.dp.ir.\q_reg[23] .Q is separated by a unidirectional continuous assign from the destination top.dut.dp.rf.U770.A2.  The port annotation will still occur.
   assign N13 = ra1[1] ;
        |
xmelab: *W,SDFNCAP (./mips32.final.vnet,4680|8): The interconnect source top.dut.dp.ir.\q_reg[22] .Q is separated by a unidirectional continuous assign from the destination top.dut.dp.rf.U770.A1.  The port annotation will still occur.
   assign N14 = ra1[2] ;
        |
xmelab: *W,SDFNCAP (./mips32.final.vnet,4681|8): The interconnect source top.dut.dp.ir.\q_reg[23] .Q is separated by a unidirectional continuous assign from the destination top.dut.dp.rf.U772.A2.  The port annotation will still occur.
   assign N13 = ra1[1] ;
        |
xmelab: *W,SDFNCAP (./mips32.final.vnet,4680|8): The interconnect source top.dut.dp.ir.\q_reg[22] .Q is separated by a unidirectional continuous assign from the destination top.dut.dp.rf.U729.A.  The port annotation will still occur.
   assign N13 = ra1[1] ;
        |
xmelab: *W,SDFNCAP (./mips32.final.vnet,4680|8): The interconnect source top.dut.dp.ir.\q_reg[22] .Q is separated by a unidirectional continuous assign from the destination top.dut.dp.rf.U765.A2.  The port annotation will still occur.
   assign N12 = ra1[0] ;
        |
xmelab: *W,SDFNCAP (./mips32.final.vnet,4679|8): The interconnect source top.dut.dp.ir.\q_reg[21] .Q is separated by a unidirectional continuous assign from the destination top.dut.dp.rf.U764.A.  The port annotation will still occur.
   assign N12 = ra1[0] ;
        |
xmelab: *W,SDFNCAP (./mips32.final.vnet,4679|8): The interconnect source top.dut.dp.ir.\q_reg[21] .Q is separated by a unidirectional continuous assign from the destination top.dut.dp.rf.U766.A2.  The port annotation will still occur.
   assign N12 = ra1[0] ;
        |
xmelab: *W,SDFNCAP (./mips32.final.vnet,4679|8): The interconnect source top.dut.dp.ir.\q_reg[21] .Q is separated by a unidirectional continuous assign from the destination top.dut.dp.rf.U768.A1.  The port annotation will still occur.
   assign N12 = ra1[0] ;
        |
xmelab: *W,SDFNCAP (./mips32.final.vnet,4679|8): The interconnect source top.dut.dp.ir.\q_reg[21] .Q is separated by a unidirectional continuous assign from the destination top.dut.dp.rf.U771.A2.  The port annotation will still occur.
   assign N12 = ra1[0] ;
        |
xmelab: *W,SDFNCAP (./mips32.final.vnet,4679|8): The interconnect source top.dut.dp.ir.\q_reg[21] .Q is separated by a unidirectional continuous assign from the destination top.dut.dp.rf.U773.A2.  The port annotation will still occur.
   assign N17 = ra2[2] ;
        |
xmelab: *W,SDFNCAP (./mips32.final.vnet,4684|8): The interconnect source top.dut.dp.ir.\q_reg[18] .Q is separated by a unidirectional continuous assign from the destination top.dut.dp.rf.U42.A2.  The port annotation will still occur.
   assign N16 = ra2[1] ;
        |
xmelab: *W,SDFNCAP (./mips32.final.vnet,4683|8): The interconnect source top.dut.dp.ir.\q_reg[17] .Q is separated by a unidirectional continuous assign from the destination top.dut.dp.rf.U42.A1.  The port annotation will still occur.
   assign N15 = ra2[0] ;
        |
xmelab: *W,SDFNCAP (./mips32.final.vnet,4682|8): The interconnect source top.dut.dp.ir.\q_reg[16] .Q is separated by a unidirectional continuous assign from the destination top.dut.dp.rf.U42.A3.  The port annotation will still occur.
   assign N17 = ra2[2] ;
        |
xmelab: *W,SDFNCAP (./mips32.final.vnet,4684|8): The interconnect source top.dut.dp.ir.\q_reg[18] .Q is separated by a unidirectional continuous assign from the destination top.dut.dp.rf.U728.A.  The port annotation will still occur.
   assign N17 = ra2[2] ;
        |
xmelab: *W,SDFNCAP (./mips32.final.vnet,4684|8): The interconnect source top.dut.dp.ir.\q_reg[18] .Q is separated by a unidirectional continuous assign from the destination top.dut.dp.rf.U942.A2.  The port annotation will still occur.
   assign N16 = ra2[1] ;
        |
xmelab: *W,SDFNCAP (./mips32.final.vnet,4683|8): The interconnect source top.dut.dp.ir.\q_reg[17] .Q is separated by a unidirectional continuous assign from the destination top.dut.dp.rf.U942.A1.  The port annotation will still occur.
   assign N17 = ra2[2] ;
        |
xmelab: *W,SDFNCAP (./mips32.final.vnet,4684|8): The interconnect source top.dut.dp.ir.\q_reg[18] .Q is separated by a unidirectional continuous assign from the destination top.dut.dp.rf.U944.A2.  The port annotation will still occur.
   assign N16 = ra2[1] ;
        |
xmelab: *W,SDFNCAP (./mips32.final.vnet,4683|8): The interconnect source top.dut.dp.ir.\q_reg[17] .Q is separated by a unidirectional continuous assign from the destination top.dut.dp.rf.U695.A.  The port annotation will still occur.
   assign N16 = ra2[1] ;
        |
xmelab: *W,SDFNCAP (./mips32.final.vnet,4683|8): The interconnect source top.dut.dp.ir.\q_reg[17] .Q is separated by a unidirectional continuous assign from the destination top.dut.dp.rf.U937.A2.  The port annotation will still occur.
   assign N15 = ra2[0] ;
        |
xmelab: *W,SDFNCAP (./mips32.final.vnet,4682|8): The interconnect source top.dut.dp.ir.\q_reg[16] .Q is separated by a unidirectional continuous assign from the destination top.dut.dp.rf.U763.A.  The port annotation will still occur.
   assign N15 = ra2[0] ;
        |
xmelab: *W,SDFNCAP (./mips32.final.vnet,4682|8): The interconnect source top.dut.dp.ir.\q_reg[16] .Q is separated by a unidirectional continuous assign from the destination top.dut.dp.rf.U938.A2.  The port annotation will still occur.
   assign N15 = ra2[0] ;
        |
xmelab: *W,SDFNCAP (./mips32.final.vnet,4682|8): The interconnect source top.dut.dp.ir.\q_reg[16] .Q is separated by a unidirectional continuous assign from the destination top.dut.dp.rf.U940.A1.  The port annotation will still occur.
   assign N15 = ra2[0] ;
        |
xmelab: *W,SDFNCAP (./mips32.final.vnet,4682|8): The interconnect source top.dut.dp.ir.\q_reg[16] .Q is separated by a unidirectional continuous assign from the destination top.dut.dp.rf.U943.A2.  The port annotation will still occur.
   assign N15 = ra2[0] ;
        |
xmelab: *W,SDFNCAP (./mips32.final.vnet,4682|8): The interconnect source top.dut.dp.ir.\q_reg[16] .Q is separated by a unidirectional continuous assign from the destination top.dut.dp.rf.U945.A2.  The port annotation will still occur.
   assign aluop[0] = pcsource[0] ;
        |
xmelab: *W,SDFNCAP (./mips32.final.vnet,110|8): The interconnect source top.dut.cont.U3.ZN is separated by a unidirectional continuous assign from the destination top.dut.ac.U17.A1.  The port annotation will still occur.
	Building instance overlay tables: ....................
	$readmemh("sum32.dat", RAM);
	                         |
xmelab: *W,MEMODR (./sum32.v,78|26): $readmem default memory order incompatible with IEEE1364.
 Done
	Generating native compiled code:
		worklib.exmemory:v <0x003d42d8>
			streams:   6, words:  1736
		worklib.regfile_WIDTH32_REGBITS3:vnet <0x00798c94>
			streams:   0, words:     0
		worklib.datapath_WIDTH32_REGBITS3:vnet <0x03f447db>
			streams:   2, words:   333
		worklib.controller:vnet <0x35710439>
			streams:   0, words:     0
		worklib.mips32:vnet <0x337c9308>
			streams:   0, words:     0
		worklib.top:v <0x67f34122>
			streams:   6, words:  3690
		NangateOpenCellLibrary.FA_X1:v <0x74a7929d>
			streams:   0, words:     0
		NangateOpenCellLibrary.FA_X1:v <0x51415d62>
			streams:   0, words:     0
		NangateOpenCellLibrary.OAI21_X1:v <0x6be0cc72>
			streams:   0, words:     0
		NangateOpenCellLibrary.AOI22_X1:v <0x18ef582e>
			streams:   0, words:     0
		NangateOpenCellLibrary.OAI221_X1:v <0x7d8e2bc3>
			streams:   0, words:     0
		NangateOpenCellLibrary.OAI21_X1:v <0x4a93b341>
			streams:   0, words:     0
		NangateOpenCellLibrary.AOI222_X1:v <0x3c8c5728>
			streams:   0, words:     0
		NangateOpenCellLibrary.XOR2_X1:v <0x2634bd3b>
			streams:   0, words:     0
		NangateOpenCellLibrary.XOR2_X1:v <0x12473da9>
			streams:   0, words:     0
		NangateOpenCellLibrary.AOI22_X1:v <0x36ba54df>
			streams:   0, words:     0
		NangateOpenCellLibrary.OAI21_X1:v <0x27642d75>
			streams:   0, words:     0
		NangateOpenCellLibrary.AOI22_X1:v <0x5f7f214d>
			streams:   0, words:     0
		NangateOpenCellLibrary.AOI22_X1:v <0x47b465a8>
			streams:   0, words:     0
		NangateOpenCellLibrary.AOI22_X1:v <0x2e71103a>
			streams:   0, words:     0
		NangateOpenCellLibrary.OAI21_X1:v <0x06175246>
			streams:   0, words:     0
		NangateOpenCellLibrary.DFF_X1:v <0x3cd39fc4>
			streams:   0, words:     0
		NangateOpenCellLibrary.AOI22_X1:v <0x00241ccb>
			streams:   0, words:     0
		NangateOpenCellLibrary.AOI211_X1:v <0x546be067>
			streams:   0, words:     0
		NangateOpenCellLibrary.AOI21_X1:v <0x009de232>
			streams:   0, words:     0
		NangateOpenCellLibrary.OAI21_X1:v <0x1ea88e3b>
			streams:   0, words:     0
		NangateOpenCellLibrary.OAI211_X1:v <0x368d8100>
			streams:   0, words:     0
		NangateOpenCellLibrary.AOI21_X1:v <0x6d6a7c06>
			streams:   0, words:     0
		NangateOpenCellLibrary.DFF_X1:v <0x512401f0>
			streams:   0, words:     0
	Building instance specific data structures.
	Loading native compiled code:     .................... Done
	Design hierarchy summary:
		                  Instances  Unique
		Modules:               2243      54
		UDPs:                   448       1
		Primitives:            6677       5
		Timing outputs:        2701      19
		Registers:              452       6
		Scalar wires:          3161       -
		Expanded wires:          64       2
		Vectored wires:           2       -
		Always blocks:            4       4
		Initial blocks:           2       2
		Cont. assignments:        1       8
		Pseudo assignments:       3       3
		Timing checks:         2688     450
		Interconnect:          5848      58
		Simulation timescale:  10ps
	Writing initial simulation snapshot: worklib.top:v
Loading snapshot worklib.top:v .................... Done
xcelium> source /home/cad/cadence/XCELIUM2209/tools/xcelium/files/xmsimrc
xcelium> run
Data [       210] is stored in Address [       252]
Simulation completely successful
Simulation complete via $finish(1) at time 2960 NS + 1
./sum32.v:55 		$finish;
xcelium> exit
TOOL:	xmverilog	22.09-s007: Exiting on Jul 04, 2024 at 05:11:28 UTC  (total: 00:00:02)
