
                           Design Compiler Graphical 
                                 DC Ultra (TM)
                                  DFTMAX (TM)
                              Power Compiler (TM)
                                 DesignWare (R)
                                 DC Expert (TM)
                               Design Vision (TM)
                               HDL Compiler (TM)
                               VHDL Compiler (TM)
                                  DFT Compiler
                               Design Compiler(R)

                 Version V-2023.12 for linux64 - Nov 27, 2023 

                    Copyright (c) 1988 - 2023 Synopsys, Inc.
   This software and the associated documentation are proprietary to Synopsys,
 Inc. This software may only be used in accordance with the terms and conditions
 of a written license agreement with Synopsys, Inc. All other use, reproduction,
   or distribution of this software is strictly prohibited.  Licensed Products
     communicate with Synopsys servers for the purpose of providing software
    updates, detecting software piracy and verifying that customers are using
    Licensed Products in conformity with the applicable License Key for such
  Licensed Products. Synopsys will use information gathered in connection with
    this process to deliver software updates and pursue software pirates and
                                   infringers.

 Inclusivity & Diversity - Visit SolvNetPlus to read the "Synopsys Statement on
            Inclusivity and Diversity" (Refer to article 000036315 at
                        https://solvnetplus.synopsys.com)
Initializing...
Initializing gui preferences from file  /home/vlsi0217/.synopsys_dc_gui/preferences.tcl
Current time:       Thu Jul  4 05:11:36 2024
Hostname:           katsuo
CPU Model:          Intel(R) Xeon(R) E-2186G CPU @ 3.80GHz
CPU Details:        Cores = 12 : Sockets = 1 : Cache Size = 12288 KB : Freq = 4.30 GHz
OS:                 Linux 5.4.0-176-generic
RAM:                125 GB (Free  41 GB)
Swap:                 7 GB (Free   7 GB)
Work Filesystem:    / mounted to /dev/mapper/ubuntu--vg-ubuntu--lv
Tmp Filesystem:     / mounted to /dev/mapper/ubuntu--vg-ubuntu--lv
Work Disk:          491 GB (Free 298 GB)
Tmp Disk:           491 GB (Free 298 GB)

CPU Load: 37%, Ram Free: 41 GB, Swap Free: 7 GB, Work Disk Free: 298 GB, Tmp Disk Free: 298 GB
#
# Your design
#
set base_name "mips32"
mips32
set vnet_file "mips32.final.vnet"
mips32.final.vnet
set sdc_file  "mips32.sdc"
mips32.sdc
set sdf_file  "mips32.sdf"
mips32.sdf
set spef_file "mips32.spef"
mips32.spef
set saif_file "mips32.saif"
mips32.saif
set inst_name "top/dut"
top/dut
#
# Libraries
#
set target_library "/home/cad/lib/NANGATE45/typical.db"
/home/cad/lib/NANGATE45/typical.db
#set target_library "/home/cad/lib/NANGATE45/fast.db"
#set target_library "/home/cad/lib/NANGATE45/slow.db"
set synthetic_library "dw_foundation.sldb"
dw_foundation.sldb
set link_library [concat "*" $target_library $synthetic_library]
* /home/cad/lib/NANGATE45/typical.db dw_foundation.sldb
set symbol_library "generic.sldb"
generic.sldb
define_design_lib WORK -path ./WORK
1
#
# Read post-layout netlist
#
read_file -format verilog $vnet_file
Loading db file '/home/cad/lib/NANGATE45/typical.db'
Information: Using CCS timing libraries. (TIM-024)
Loading db file '/home/cad/synopsys/syn/V-2023.12/libraries/syn/dw_foundation.sldb'
Loading db file '/home/cad/synopsys/syn/V-2023.12/libraries/syn/gtech.db'
Loading db file '/home/cad/synopsys/syn/V-2023.12/libraries/syn/standard.sldb'
  Loading link library 'NangateOpenCellLibrary'
  Loading link library 'gtech'
Loading verilog file '/home/vlsi0217/files_14/mips32.final.vnet'
Detecting input file type automatically (-rtl or -netlist).
Running DC verilog reader
Performing 'read' command.
Compiling source file /home/vlsi0217/files_14/mips32.final.vnet
Reading with netlist reader (equivalent to -netlist option).
Verilog netlist reader completed successfully.
Current design is now '/home/vlsi0217/files_14/controller.db:controller'
Loaded 20 designs.
Current design is 'controller'.
controller alucontrol mux2_WIDTH3 flopen_WIDTH32 flopenr_WIDTH32 flop_WIDTH32_3 flop_WIDTH32_2 flop_WIDTH32_1 flop_WIDTH32_0 mux2_WIDTH32_2 mux2_WIDTH32_1 mux4_WIDTH32_1 mux4_WIDTH32_0 mux2_WIDTH32_0 regfile_WIDTH32_REGBITS3 alu_WIDTH32_DW01_add_0 alu_WIDTH32 zerodetect_WIDTH32 datapath_WIDTH32_REGBITS3 mips32
current_design $base_name
Current design is 'mips32'.
{mips32}
link

  Linking design 'mips32'
  Using the following designs and libraries:
  --------------------------------------------------------------------------
  * (20 designs)              /home/vlsi0217/files_14/mips32.db, etc
  NangateOpenCellLibrary (library) /home/cad/lib/NANGATE45/typical.db
  dw_foundation.sldb (library) /home/cad/synopsys/syn/V-2023.12/libraries/syn/dw_foundation.sldb

1
#
# Delay and RC information
#
read_sdc $sdc_file

Reading SDC version 2.1...
1
read_sdf $sdf_file
Information: Annotated 'cell' delays are assumed to include load delay. (UID-282)
Information: Reading 'maximum' values for 'maximum delay analysis'. (SDFN-16)
Information: Reading 'minimum' values for 'minimum delay analysis'. (SDFN-16)
1
read_parasitics $spef_file
Information: Library unit = 1.000000 ns. (SPEF-10)
Information: Derived delay scale factor = 0.001000. (SPEF-11)
Information: Library unit = 0.001000 pF. (SPEF-10)
Information: Derived capacitance scale factor = 999.999939. (SPEF-12)
Information: Library unit = 999.999939 kOhm. (SPEF-10)
Information: Derived resistance scale factor = 0.000001. (SPEF-13)

Reading /home/vlsi0217/files_14/mips32.spef ...

Information: Path delimiter = /. (SPEF-2)
Information: Pin delimiter = :. (SPEF-3)

2317 RNETs/DNETs have been read.


0 net completion steps have been performed.
0 nets have been skipped due to partial parasitics

1
#
# Read switching activity information
#
reset_switching_activity
1
read_saif -input $saif_file -instance $inst_name -unit ns -scale 1
Warning: There are 4928 objects not found during annotation. (PWR-452)
1
report_saif -hier
Information: Updating design information... (UID-85)
Warning: There are 30 switching activity information conflicts. (PWR-19)
 
****************************************
Report : saif
        -hierarchy
Design : mips32
Version: V-2023.12
Date   : Thu Jul  4 05:11:39 2024
****************************************

  

--------------------------------------------------------------------------------
              User              Default           Propagated
Object type   Annotated (%)     Activity (%)      Activity (%)       Total
--------------------------------------------------------------------------------
  
 Nets         2319(100.00%)     0(0.00%)          0(0.00%)           2319
 Ports        100(100.00%)      0(0.00%)          0(0.00%)           100
 Pins         8511(100.00%)     0(0.00%)          0(0.00%)           8511
--------------------------------------------------------------------------------
1
# report_timing
# report_reference -hier
# report_power -hier
# quit
Information: Term was not able to be set up using xterm-256color . Using "xterm" by default instead. (CLE-10)
Warning: Cannot use command line editor for terminal type 'xterm-256color'.  (UI-74)
dc_shell> Error: unknown command 'power_consumption' (CMD-005)
dc_shell> Error: unknown command 'report_powert' (CMD-005)
dc_shell> Information: Propagating switching activity (low effort zero delay simulation). (PWR-6)
Warning: Invalid switching activity annotation on constant net(s) is being ignored. (PWR-421)
 
****************************************
Report : power
        -analysis_effort low
Design : mips32
Version: V-2023.12
Date   : Thu Jul  4 05:12:12 2024
****************************************


Library(s) Used:

    NangateOpenCellLibrary (File: /home/cad/lib/NANGATE45/typical.db)


Operating Conditions: typical   Library: NangateOpenCellLibrary
Wire Load Model Mode: top

Design        Wire Load Model            Library
------------------------------------------------
mips32                 5K_hvratio_1_1    NangateOpenCellLibrary


Global Operating Voltage = 1.1  
Power-specific unit information :
    Voltage Units = 1V
    Capacitance Units = 1.000000ff
    Time Units = 1ns
    Dynamic Power Units = 1uW    (derived from V,C,T units)
    Leakage Power Units = 1nW


Attributes
----------
i - Including register clock pin internal power


  Cell Internal Power  = 306.0086 uW   (64%)
  Net Switching Power  = 175.1820 uW   (36%)
                         ---------
Total Dynamic Power    = 481.1906 uW  (100%)

Cell Leakage Power     =  83.8998 uW


                 Internal         Switching           Leakage            Total
Power Group      Power            Power               Power              Power   (   %    )  Attrs
--------------------------------------------------------------------------------------------------
io_pad             0.0000            0.0000            0.0000            0.0000  (   0.00%)
memory             0.0000            0.0000            0.0000            0.0000  (   0.00%)
black_box          0.0000            0.0000            0.0000            0.0000  (   0.00%)
clock_network    237.2450           83.0775          427.8150          320.7503  (  56.76%)  i
register          19.1987            8.6664        3.4867e+04           62.7325  (  11.10%)
sequential         0.0000            0.0000            0.0000            0.0000  (   0.00%)
combinational     49.5654           83.4381        4.8605e+04          181.6082  (  32.14%)
--------------------------------------------------------------------------------------------------
Total            306.0091 uW       175.1820 uW     8.3900e+04 nW       565.0910 uW
1
dc_shell> 
Memory usage for this session 148 Mbytes.
Memory usage for this session including child processes 148 Mbytes.
CPU usage for this session 3 seconds ( 0.00 hours ).
Elapsed time for this session 423 seconds ( 0.12 hours ).

Thank you...
