======================================================================

Annotating SDF timing data:
  Compiled SDF file:     mips32.sdf.X
  Log file:              sdf.log
  Backannotation scope:  top.dut
  Configuration file:    
  MTM control:           MAXIMUM
  Scale factors:         
  Scale type:            

Time units: 1ns

   assign N14 = ra1[2] ;
        |
xmelab: *W,SDFNCAP (./mips32.final.vnet,4681|8): The interconnect source top.dut.dp.ir.\q_reg[23] .Q is separated by a unidirectional continuous assign from the destination top.dut.dp.rf.U43.A2.  The port annotation will still occur.
   assign N13 = ra1[1] ;
        |
xmelab: *W,SDFNCAP (./mips32.final.vnet,4680|8): The interconnect source top.dut.dp.ir.\q_reg[22] .Q is separated by a unidirectional continuous assign from the destination top.dut.dp.rf.U43.A1.  The port annotation will still occur.
   assign N12 = ra1[0] ;
        |
xmelab: *W,SDFNCAP (./mips32.final.vnet,4679|8): The interconnect source top.dut.dp.ir.\q_reg[21] .Q is separated by a unidirectional continuous assign from the destination top.dut.dp.rf.U43.A3.  The port annotation will still occur.
   assign N14 = ra1[2] ;
        |
xmelab: *W,SDFNCAP (./mips32.final.vnet,4681|8): The interconnect source top.dut.dp.ir.\q_reg[23] .Q is separated by a unidirectional continuous assign from the destination top.dut.dp.rf.U762.A.  The port annotation will still occur.
   assign N14 = ra1[2] ;
        |
xmelab: *W,SDFNCAP (./mips32.final.vnet,4681|8): The interconnect source top.dut.dp.ir.\q_reg[23] .Q is separated by a unidirectional continuous assign from the destination top.dut.dp.rf.U770.A2.  The port annotation will still occur.
   assign N13 = ra1[1] ;
        |
xmelab: *W,SDFNCAP (./mips32.final.vnet,4680|8): The interconnect source top.dut.dp.ir.\q_reg[22] .Q is separated by a unidirectional continuous assign from the destination top.dut.dp.rf.U770.A1.  The port annotation will still occur.
   assign N14 = ra1[2] ;
        |
xmelab: *W,SDFNCAP (./mips32.final.vnet,4681|8): The interconnect source top.dut.dp.ir.\q_reg[23] .Q is separated by a unidirectional continuous assign from the destination top.dut.dp.rf.U772.A2.  The port annotation will still occur.
   assign N13 = ra1[1] ;
        |
xmelab: *W,SDFNCAP (./mips32.final.vnet,4680|8): The interconnect source top.dut.dp.ir.\q_reg[22] .Q is separated by a unidirectional continuous assign from the destination top.dut.dp.rf.U729.A.  The port annotation will still occur.
   assign N13 = ra1[1] ;
        |
xmelab: *W,SDFNCAP (./mips32.final.vnet,4680|8): The interconnect source top.dut.dp.ir.\q_reg[22] .Q is separated by a unidirectional continuous assign from the destination top.dut.dp.rf.U765.A2.  The port annotation will still occur.
   assign N12 = ra1[0] ;
        |
xmelab: *W,SDFNCAP (./mips32.final.vnet,4679|8): The interconnect source top.dut.dp.ir.\q_reg[21] .Q is separated by a unidirectional continuous assign from the destination top.dut.dp.rf.U764.A.  The port annotation will still occur.
   assign N12 = ra1[0] ;
        |
xmelab: *W,SDFNCAP (./mips32.final.vnet,4679|8): The interconnect source top.dut.dp.ir.\q_reg[21] .Q is separated by a unidirectional continuous assign from the destination top.dut.dp.rf.U766.A2.  The port annotation will still occur.
   assign N12 = ra1[0] ;
        |
xmelab: *W,SDFNCAP (./mips32.final.vnet,4679|8): The interconnect source top.dut.dp.ir.\q_reg[21] .Q is separated by a unidirectional continuous assign from the destination top.dut.dp.rf.U768.A1.  The port annotation will still occur.
   assign N12 = ra1[0] ;
        |
xmelab: *W,SDFNCAP (./mips32.final.vnet,4679|8): The interconnect source top.dut.dp.ir.\q_reg[21] .Q is separated by a unidirectional continuous assign from the destination top.dut.dp.rf.U771.A2.  The port annotation will still occur.
   assign N12 = ra1[0] ;
        |
xmelab: *W,SDFNCAP (./mips32.final.vnet,4679|8): The interconnect source top.dut.dp.ir.\q_reg[21] .Q is separated by a unidirectional continuous assign from the destination top.dut.dp.rf.U773.A2.  The port annotation will still occur.
   assign N17 = ra2[2] ;
        |
xmelab: *W,SDFNCAP (./mips32.final.vnet,4684|8): The interconnect source top.dut.dp.ir.\q_reg[18] .Q is separated by a unidirectional continuous assign from the destination top.dut.dp.rf.U42.A2.  The port annotation will still occur.
   assign N16 = ra2[1] ;
        |
xmelab: *W,SDFNCAP (./mips32.final.vnet,4683|8): The interconnect source top.dut.dp.ir.\q_reg[17] .Q is separated by a unidirectional continuous assign from the destination top.dut.dp.rf.U42.A1.  The port annotation will still occur.
   assign N15 = ra2[0] ;
        |
xmelab: *W,SDFNCAP (./mips32.final.vnet,4682|8): The interconnect source top.dut.dp.ir.\q_reg[16] .Q is separated by a unidirectional continuous assign from the destination top.dut.dp.rf.U42.A3.  The port annotation will still occur.
   assign N17 = ra2[2] ;
        |
xmelab: *W,SDFNCAP (./mips32.final.vnet,4684|8): The interconnect source top.dut.dp.ir.\q_reg[18] .Q is separated by a unidirectional continuous assign from the destination top.dut.dp.rf.U728.A.  The port annotation will still occur.
   assign N17 = ra2[2] ;
        |
xmelab: *W,SDFNCAP (./mips32.final.vnet,4684|8): The interconnect source top.dut.dp.ir.\q_reg[18] .Q is separated by a unidirectional continuous assign from the destination top.dut.dp.rf.U942.A2.  The port annotation will still occur.
   assign N16 = ra2[1] ;
        |
xmelab: *W,SDFNCAP (./mips32.final.vnet,4683|8): The interconnect source top.dut.dp.ir.\q_reg[17] .Q is separated by a unidirectional continuous assign from the destination top.dut.dp.rf.U942.A1.  The port annotation will still occur.
   assign N17 = ra2[2] ;
        |
xmelab: *W,SDFNCAP (./mips32.final.vnet,4684|8): The interconnect source top.dut.dp.ir.\q_reg[18] .Q is separated by a unidirectional continuous assign from the destination top.dut.dp.rf.U944.A2.  The port annotation will still occur.
   assign N16 = ra2[1] ;
        |
xmelab: *W,SDFNCAP (./mips32.final.vnet,4683|8): The interconnect source top.dut.dp.ir.\q_reg[17] .Q is separated by a unidirectional continuous assign from the destination top.dut.dp.rf.U695.A.  The port annotation will still occur.
   assign N16 = ra2[1] ;
        |
xmelab: *W,SDFNCAP (./mips32.final.vnet,4683|8): The interconnect source top.dut.dp.ir.\q_reg[17] .Q is separated by a unidirectional continuous assign from the destination top.dut.dp.rf.U937.A2.  The port annotation will still occur.
   assign N15 = ra2[0] ;
        |
xmelab: *W,SDFNCAP (./mips32.final.vnet,4682|8): The interconnect source top.dut.dp.ir.\q_reg[16] .Q is separated by a unidirectional continuous assign from the destination top.dut.dp.rf.U763.A.  The port annotation will still occur.
   assign N15 = ra2[0] ;
        |
xmelab: *W,SDFNCAP (./mips32.final.vnet,4682|8): The interconnect source top.dut.dp.ir.\q_reg[16] .Q is separated by a unidirectional continuous assign from the destination top.dut.dp.rf.U938.A2.  The port annotation will still occur.
   assign N15 = ra2[0] ;
        |
xmelab: *W,SDFNCAP (./mips32.final.vnet,4682|8): The interconnect source top.dut.dp.ir.\q_reg[16] .Q is separated by a unidirectional continuous assign from the destination top.dut.dp.rf.U940.A1.  The port annotation will still occur.
   assign N15 = ra2[0] ;
        |
xmelab: *W,SDFNCAP (./mips32.final.vnet,4682|8): The interconnect source top.dut.dp.ir.\q_reg[16] .Q is separated by a unidirectional continuous assign from the destination top.dut.dp.rf.U943.A2.  The port annotation will still occur.
   assign N15 = ra2[0] ;
        |
xmelab: *W,SDFNCAP (./mips32.final.vnet,4682|8): The interconnect source top.dut.dp.ir.\q_reg[16] .Q is separated by a unidirectional continuous assign from the destination top.dut.dp.rf.U945.A2.  The port annotation will still occur.
   assign aluop[0] = pcsource[0] ;
        |
xmelab: *W,SDFNCAP (./mips32.final.vnet,110|8): The interconnect source top.dut.cont.U3.ZN is separated by a unidirectional continuous assign from the destination top.dut.ac.U17.A1.  The port annotation will still occur.
