
                           Design Compiler Graphical 
                                 DC Ultra (TM)
                                  DFTMAX (TM)
                              Power Compiler (TM)
                                 DesignWare (R)
                                 DC Expert (TM)
                               Design Vision (TM)
                               HDL Compiler (TM)
                               VHDL Compiler (TM)
                                  DFT Compiler
                               Design Compiler(R)

                 Version V-2023.12 for linux64 - Nov 27, 2023 

                    Copyright (c) 1988 - 2023 Synopsys, Inc.
   This software and the associated documentation are proprietary to Synopsys,
 Inc. This software may only be used in accordance with the terms and conditions
 of a written license agreement with Synopsys, Inc. All other use, reproduction,
   or distribution of this software is strictly prohibited.  Licensed Products
     communicate with Synopsys servers for the purpose of providing software
    updates, detecting software piracy and verifying that customers are using
    Licensed Products in conformity with the applicable License Key for such
  Licensed Products. Synopsys will use information gathered in connection with
    this process to deliver software updates and pursue software pirates and
                                   infringers.

 Inclusivity & Diversity - Visit SolvNetPlus to read the "Synopsys Statement on
            Inclusivity and Diversity" (Refer to article 000036315 at
                        https://solvnetplus.synopsys.com)
Initializing...
Initializing gui preferences from file  /home/vlsi0217/.synopsys_dc_gui/preferences.tcl
Current time:       Thu Jul  4 04:52:30 2024
Hostname:           katsuo
CPU Model:          Intel(R) Xeon(R) E-2186G CPU @ 3.80GHz
CPU Details:        Cores = 12 : Sockets = 1 : Cache Size = 12288 KB : Freq = 4.10 GHz
OS:                 Linux 5.4.0-176-generic
RAM:                125 GB (Free  43 GB)
Swap:                 7 GB (Free   7 GB)
Work Filesystem:    / mounted to /dev/mapper/ubuntu--vg-ubuntu--lv
Tmp Filesystem:     / mounted to /dev/mapper/ubuntu--vg-ubuntu--lv
Work Disk:          491 GB (Free 299 GB)
Tmp Disk:           491 GB (Free 299 GB)

CPU Load: 35%, Ram Free: 43 GB, Swap Free: 7 GB, Work Disk Free: 299 GB, Tmp Disk Free: 299 GB
#
# Your design
#
set base_name "mips32"
mips32
set rtl_file  "mips32.v"
mips32.v
set clock_name "clk"
clk
set clock_period 10.0
10.0
#
# Libraries
#
set target_library "/home/cad/lib/NANGATE45/typical.db"
/home/cad/lib/NANGATE45/typical.db
set synthetic_library "dw_foundation.sldb"
dw_foundation.sldb
set link_library [concat "*" $target_library $synthetic_library]
* /home/cad/lib/NANGATE45/typical.db dw_foundation.sldb
set symbol_library "generic.sldb"
generic.sldb
define_design_lib WORK -path ./WORK
1
#
# Read RTL file(s)
#
analyze -format verilog $rtl_file
Running PRESTO HDLC
Compiling source file ./mips32.v
Warning:  ./mips32.v:238: Parameter keyword used in local parameter declaration. (VER-329)
Presto compilation completed successfully.
Loading db file '/home/cad/lib/NANGATE45/typical.db'
Information: Using CCS timing libraries. (TIM-024)
Loading db file '/home/cad/synopsys/syn/V-2023.12/libraries/syn/dw_foundation.sldb'
1
elaborate $base_name
Loading db file '/home/cad/synopsys/syn/V-2023.12/libraries/syn/gtech.db'
Loading db file '/home/cad/synopsys/syn/V-2023.12/libraries/syn/standard.sldb'
  Loading link library 'NangateOpenCellLibrary'
  Loading link library 'gtech'
Running PRESTO HDLC
Presto compilation completed successfully. (mips32)
Elaborated 1 design.
Current design is now 'mips32'.
Information: Building the design 'controller'. (HDL-193)

Statistics for case statements in always block at line 76 in file
	'./mips32.v'
===============================================
|           Line           |  full/ parallel  |
===============================================
|            77            |    auto/auto     |
|            84            |    auto/auto     |
|            97            |    auto/auto     |
===============================================

Statistics for case statements in always block at line 118 in file
	'./mips32.v'
===============================================
|           Line           |  full/ parallel  |
===============================================
|           128            |     no/auto      |
===============================================

Inferred memory devices in process
	in routine controller line 72 in file
		'./mips32.v'.
===============================================================================
|    Register Name    |   Type    | Width | Bus | MB | AR | AS | SR | SS | ST |
===============================================================================
|      state_reg      | Flip-flop |   4   |  Y  | N  | N  | N  | N  | N  | N  |
===============================================================================
Presto compilation completed successfully. (controller)
Information: Building the design 'alucontrol'. (HDL-193)

Statistics for case statements in always block at line 207 in file
	'./mips32.v'
===============================================
|           Line           |  full/ parallel  |
===============================================
|           208            |    auto/auto     |
|           211            |    auto/auto     |
===============================================
Presto compilation completed successfully. (alucontrol)
Information: Building the design 'datapath' instantiated from design 'mips32' with
	the parameters "32,3". (HDL-193)
Presto compilation completed successfully. (datapath_WIDTH32_REGBITS3)
Information: Building the design 'mux2' instantiated from design 'datapath_WIDTH32_REGBITS3' with
	the parameters "3". (HDL-193)
Presto compilation completed successfully. (mux2_WIDTH3)
Information: Building the design 'flopen' instantiated from design 'datapath_WIDTH32_REGBITS3' with
	the parameters "32". (HDL-193)

Inferred memory devices in process
	in routine flopen_WIDTH32 line 347 in file
		'./mips32.v'.
===============================================================================
|    Register Name    |   Type    | Width | Bus | MB | AR | AS | SR | SS | ST |
===============================================================================
|        q_reg        | Flip-flop |  32   |  Y  | N  | N  | N  | N  | N  | N  |
===============================================================================
Presto compilation completed successfully. (flopen_WIDTH32)
Information: Building the design 'flopenr' instantiated from design 'datapath_WIDTH32_REGBITS3' with
	the parameters "32". (HDL-193)

Inferred memory devices in process
	in routine flopenr_WIDTH32 line 357 in file
		'./mips32.v'.
===============================================================================
|    Register Name    |   Type    | Width | Bus | MB | AR | AS | SR | SS | ST |
===============================================================================
|        q_reg        | Flip-flop |  32   |  Y  | N  | N  | N  | N  | N  | N  |
===============================================================================
Presto compilation completed successfully. (flopenr_WIDTH32)
Information: Building the design 'flop' instantiated from design 'datapath_WIDTH32_REGBITS3' with
	the parameters "32". (HDL-193)

Inferred memory devices in process
	in routine flop_WIDTH32 line 337 in file
		'./mips32.v'.
===============================================================================
|    Register Name    |   Type    | Width | Bus | MB | AR | AS | SR | SS | ST |
===============================================================================
|        q_reg        | Flip-flop |  32   |  Y  | N  | N  | N  | N  | N  | N  |
===============================================================================
Presto compilation completed successfully. (flop_WIDTH32)
Information: Building the design 'mux2' instantiated from design 'datapath_WIDTH32_REGBITS3' with
	the parameters "32". (HDL-193)
Presto compilation completed successfully. (mux2_WIDTH32)
Information: Building the design 'mux4' instantiated from design 'datapath_WIDTH32_REGBITS3' with
	the parameters "32". (HDL-193)

Statistics for case statements in always block at line 377 in file
	'./mips32.v'
===============================================
|           Line           |  full/ parallel  |
===============================================
|           378            |    auto/auto     |
===============================================
Presto compilation completed successfully. (mux4_WIDTH32)
Information: Building the design 'regfile' instantiated from design 'datapath_WIDTH32_REGBITS3' with
	the parameters "32,3". (HDL-193)

Inferred memory devices in process
	in routine regfile_WIDTH32_REGBITS3 line 317 in file
		'./mips32.v'.
===============================================================================
|    Register Name    |   Type    | Width | Bus | MB | AR | AS | SR | SS | ST |
===============================================================================
|       RAM_reg       | Flip-flop |  256  |  Y  | N  | N  | N  | N  | N  | N  |
===============================================================================
Statistics for MUX_OPs
==================================================================
|       block name/line        | Inputs | Outputs | # sel inputs |
==================================================================
| regfile_WIDTH32_REGBITS3/319 |   8    |   32    |      3       |
| regfile_WIDTH32_REGBITS3/320 |   8    |   32    |      3       |
==================================================================
Presto compilation completed successfully. (regfile_WIDTH32_REGBITS3)
Information: Building the design 'alu' instantiated from design 'datapath_WIDTH32_REGBITS3' with
	the parameters "32". (HDL-193)

Statistics for case statements in always block at line 295 in file
	'./mips32.v'
===============================================
|           Line           |  full/ parallel  |
===============================================
|           296            |    auto/auto     |
===============================================
Presto compilation completed successfully. (alu_WIDTH32)
Information: Building the design 'zerodetect' instantiated from design 'datapath_WIDTH32_REGBITS3' with
	the parameters "32". (HDL-193)
Presto compilation completed successfully. (zerodetect_WIDTH32)
1
current_design $base_name
Current design is 'mips32'.
{mips32}
link

  Linking design 'mips32'
  Using the following designs and libraries:
  --------------------------------------------------------------------------
  * (13 designs)              /home/vlsi0217/files_14/mips32.db, etc
  NangateOpenCellLibrary (library) /home/cad/lib/NANGATE45/typical.db
  dw_foundation.sldb (library) /home/cad/synopsys/syn/V-2023.12/libraries/syn/dw_foundation.sldb

1
uniquify
Information: Uniquified 4 instances of design 'flop_WIDTH32'. (OPT-1056)
Information: Uniquified 3 instances of design 'mux2_WIDTH32'. (OPT-1056)
Information: Uniquified 2 instances of design 'mux4_WIDTH32'. (OPT-1056)
1
#
# Timing
#
create_clock -name $clock_name -period $clock_period [find port $clock_name]
1
set_clock_uncertainty 0.02 [get_clocks $clock_name]
1
set_input_delay 0.1 -clock clk [remove_from_collection [all_inputs] {clk reset}]
1
set_output_delay 0.1 -clock clk [all_outputs]
1
#
# Clock gating
#
#set_clock_gating_style -sequential latch
#insert_clock_gating
#
# Design synthesis
#
compile -map_effort high
CPU Load: 35%, Ram Free: 43 GB, Swap Free: 7 GB, Work Disk Free: 299 GB, Tmp Disk Free: 299 GB
Information: Checking out the license 'DesignWare'. (SEC-104)
Information: Evaluating DesignWare library utilization. (UISN-27)

============================================================================
| DesignWare Building Block Library  |         Version         | Available |
============================================================================
| Basic DW Building Blocks           | V-2023.12-DWBB_202312.0 |     *     |
| Licensed DW Building Blocks        | V-2023.12-DWBB_202312.0 |     *     |
============================================================================

====================================================================================================
| Flow Information                                                                                 |
----------------------------------------------------------------------------------------------------
| Flow         | Design Compiler                                                                   |
====================================================================================================
| Design Information                                      | Value                                  |
====================================================================================================
| Number of Scenarios                                     | 0                                      |
| Leaf Cell Count                                         | 1009                                   |
| Number of User Hierarchies                              | 18                                     |
| Sequential Cell Count                                   | 452                                    |
| Macro Count                                             | 0                                      |
| Number of Power Domains                                 | 0                                      |
| Number of Path Groups                                   | 2                                      |
| Number of VT Class                                      | 0                                      |
| Number of Clocks                                        | 1                                      |
| Number of Dont Touch Cells                              | 187                                    |
| Number of Dont Touch Nets                               | 0                                      |
| Number of Size Only Cells                               | 0                                      |
| Design with UPF Data                                    | false                                  |
====================================================================================================

Information: There are 124 potential problems in your design. Please run 'check_design' for more information. (LINT-99)



  Beginning Pass 1 Mapping
  ------------------------
  Processing 'zerodetect_WIDTH32'
  Processing 'alu_WIDTH32'
  Processing 'regfile_WIDTH32_REGBITS3'
  Processing 'mux2_WIDTH32_0'
  Processing 'mux4_WIDTH32_0'
  Processing 'flop_WIDTH32_0'
  Processing 'flopenr_WIDTH32'
  Processing 'flopen_WIDTH32'
  Processing 'mux2_WIDTH3'
  Processing 'datapath_WIDTH32_REGBITS3'
  Processing 'alucontrol'
  Processing 'controller'
  Processing 'mips32'

  Updating timing information
Information: Updating design information... (UID-85)

  Beginning Implementation Selection
  ----------------------------------
  Processing 'alu_WIDTH32_DW01_add_0'

  Beginning Mapping Optimizations  (High effort)
  -------------------------------

                                  TOTAL                                      
   ELAPSED            WORST NEG   SETUP    DESIGN                            
    TIME      AREA      SLACK     COST    RULE COST         ENDPOINT         
  --------- --------- --------- --------- --------- -------------------------
    0:00:03    7802.0      0.00       0.0      38.8                          
    0:00:03    7802.0      0.00       0.0      38.8                          
    0:00:03    7802.0      0.00       0.0      38.8                          
    0:00:04    7802.0      0.00       0.0      38.8                          
    0:00:04    7802.0      0.00       0.0      38.8                          
    0:00:05    4231.0      0.00       0.0       0.0                          
    0:00:05    4211.8      0.00       0.0       0.0                          
    0:00:05    4211.8      0.00       0.0       0.0                          
    0:00:05    4211.8      0.00       0.0       0.0                          
    0:00:05    4211.8      0.00       0.0       0.0                          
    0:00:05    4211.8      0.00       0.0       0.0                          
    0:00:05    4211.8      0.00       0.0       0.0                          
    0:00:05    4211.8      0.00       0.0       0.0                          
    0:00:05    4211.8      0.00       0.0       0.0                          



  Beginning Delay Optimization Phase
  ----------------------------------

                                  TOTAL                                      
   ELAPSED            WORST NEG   SETUP    DESIGN                            
    TIME      AREA      SLACK     COST    RULE COST         ENDPOINT         
  --------- --------- --------- --------- --------- -------------------------
    0:00:05    4211.8      0.00       0.0       0.0                          
    0:00:05    4211.8      0.00       0.0       0.0                          
    0:00:05    4211.8      0.00       0.0       0.0                          
    0:00:05    4211.8      0.00       0.0       0.0                          
    0:00:05    4211.8      0.00       0.0       0.0                          


  Beginning Area-Recovery Phase  (cleanup)
  -----------------------------

                                  TOTAL                                      
   ELAPSED            WORST NEG   SETUP    DESIGN                            
    TIME      AREA      SLACK     COST    RULE COST         ENDPOINT         
  --------- --------- --------- --------- --------- -------------------------
    0:00:05    4211.8      0.00       0.0       0.0                          
    0:00:05    4211.8      0.00       0.0       0.0                          
    0:00:05    4208.4      0.00       0.0       0.0                          
    0:00:05    4203.6      0.00       0.0       0.0                          
    0:00:05    4199.6      0.00       0.0       0.0                          
    0:00:05    4197.2      0.00       0.0       0.0                          
    0:00:05    4195.6      0.00       0.0       0.0                          
    0:00:05    4195.6      0.00       0.0       0.0                          
    0:00:05    4195.6      0.00       0.0       0.0                          
    0:00:05    4194.0      0.00       0.0       0.0                          
    0:00:05    4194.0      0.00       0.0       0.0                          
    0:00:05    4194.0      0.00       0.0       0.0                          
    0:00:05    4194.0      0.00       0.0       0.0                          
    0:00:05    4194.0      0.00       0.0       0.0                          
    0:00:05    4194.0      0.00       0.0       0.0                          
    0:00:06    4194.0      0.00       0.0       0.0                          


Note: Symbol # after min delay cost means estimated hold TNS across all active scenarios 


  Optimization Complete
  ---------------------
CPU Load: 39%, Ram Free: 42 GB, Swap Free: 7 GB, Work Disk Free: 299 GB, Tmp Disk Free: 299 GB
Information: Total number of MV cells in the design.
----------------------------------------------------------------------------------------------------
 MV Cells                                           Total Number                                   
----------------------------------------------------------------------------------------------------
 Level Shifter:                                     0                                             
 Enable Level Shifter:                              0                                             
 Isolation Cell:                                    0                                             
 Retention Cell:                                    0                                             
 Retention Clamp Cell:                              0                                             
 Switch Cell:                                       0                                             
 Always-On Cell:                                    0                                             
 Repeater Cell:                                     0                                             

----------------------------------------------------------------------------------------------------
Unmapped MV Cells 
----------------------------------------------------------------------------------------------------
0 Isolation Cells are unmapped 
0 Retention Clamp Cells are unmapped 
----------------------------------------------------------------------------------------------------
1
compile -incremental_mapping -map_effort high
CPU Load: 39%, Ram Free: 42 GB, Swap Free: 7 GB, Work Disk Free: 299 GB, Tmp Disk Free: 299 GB
====================================================================================================
| Flow Information                                                                                 |
----------------------------------------------------------------------------------------------------
| Flow         | Design Compiler                                                                   |
====================================================================================================
| Design Information                                      | Value                                  |
====================================================================================================
| Number of Scenarios                                     | 0                                      |
| Leaf Cell Count                                         | 2469                                   |
| Number of User Hierarchies                              | 19                                     |
| Sequential Cell Count                                   | 452                                    |
| Macro Count                                             | 0                                      |
| Number of Power Domains                                 | 0                                      |
| Number of Path Groups                                   | 2                                      |
| Number of VT Class                                      | 0                                      |
| Number of Clocks                                        | 1                                      |
| Number of Dont Touch Cells                              | 0                                      |
| Number of Dont Touch Nets                               | 0                                      |
| Number of Size Only Cells                               | 0                                      |
| Design with UPF Data                                    | false                                  |
====================================================================================================

Information: There are 106 potential problems in your design. Please run 'check_design' for more information. (LINT-99)



  Beginning Pass 1 Mapping  (Incremental)
  ------------------------

  Updating timing information
Information: Updating design information... (UID-85)

  Beginning Mapping Optimizations  (High effort)  (Incremental)
  -------------------------------

  Beginning Incremental Implementation Selection
  ----------------------------------------------
  Selecting implementations
  Building model 'DW01_NAND2'
  Building model 'DW01_add_width32' (rpl)

  Beginning Delay Optimization Phase
  ----------------------------------

                                  TOTAL                                      
   ELAPSED            WORST NEG   SETUP    DESIGN                            
    TIME      AREA      SLACK     COST    RULE COST         ENDPOINT         
  --------- --------- --------- --------- --------- -------------------------
    0:00:01    4194.0      0.00       0.0       0.0                          
    0:00:01    4194.0      0.00       0.0       0.0                          
    0:00:01    4194.0      0.00       0.0       0.0                          


Note: Symbol # after min delay cost means estimated hold TNS across all active scenarios 


  Optimization Complete
  ---------------------
CPU Load: 39%, Ram Free: 42 GB, Swap Free: 7 GB, Work Disk Free: 299 GB, Tmp Disk Free: 299 GB
Information: Total number of MV cells in the design.
----------------------------------------------------------------------------------------------------
 MV Cells                                           Total Number                                   
----------------------------------------------------------------------------------------------------
 Level Shifter:                                     0                                             
 Enable Level Shifter:                              0                                             
 Isolation Cell:                                    0                                             
 Retention Cell:                                    0                                             
 Retention Clamp Cell:                              0                                             
 Switch Cell:                                       0                                             
 Always-On Cell:                                    0                                             
 Repeater Cell:                                     0                                             

----------------------------------------------------------------------------------------------------
Unmapped MV Cells 
----------------------------------------------------------------------------------------------------
0 Isolation Cells are unmapped 
0 Retention Clamp Cells are unmapped 
----------------------------------------------------------------------------------------------------
1
#
# Output
#
write -format verilog -hierarchy -output ${base_name}.vnet
Writing verilog file '/home/vlsi0217/files_14/mips32.vnet'.
Warning: Verilog 'assign' or 'tran' statements are written out. (VO-4)
Warning: Verilog writer has added 20 nets to module mips32 using SYNOPSYS_UNCONNECTED_ as prefix.  Please use the change_names command to make the correct changes before invoking the verilog writer.  (VO-11)
1
write_sdc ${base_name}.sdc
1
# report_timing
# report_reference -hier
# quit
Information: Term was not able to be set up using xterm-256color . Using "xterm" by default instead. (CLE-10)
Warning: Cannot use command line editor for terminal type 'xterm-256color'.  (UI-74)
dc_shell> 
Memory usage for this session 155 Mbytes.
Memory usage for this session including child processes 155 Mbytes.
CPU usage for this session 10 seconds ( 0.00 hours ).
Elapsed time for this session 75 seconds ( 0.02 hours ).

Thank you...
